<?xml version="1.0" encoding="UTF-8"?>
<testsuite xmlns:xsi="http://www.w3.org/2001/XMLSchema-instance" xsi:noNamespaceSchemaLocation="https://maven.apache.org/surefire/maven-surefire-plugin/xsd/surefire-test-report-3.0.xsd" version="3.0" name="runners.TestRunner" time="11.332" tests="68" errors="11" skipped="0" failures="0">
  <properties>
[...]
</properties>
  <testcase name="Example #1.1" classname="Examples" time="2.67">
    <system-out><![CDATA[
Scenario Outline: Successfully creating a category with valid title and description (Normal Flow)  &amp#27;[90m# features/Story11CreateCategory.feature:16&amp#27;[0m
  &amp#27;[32mGiven &amp#27;[0m&amp#27;[32mthe server is running for category creation&amp#27;[0m                                                &amp#27;[90m# stepDefinitions.Story11CreateCategorySteps.theServerIsRunning()&amp#27;[0m
  &amp#27;[32mAnd &amp#27;[0m&amp#27;[32mthe system has no existing categories&amp#27;[0m                                                        &amp#27;[90m# stepDefinitions.Story11CreateCategorySteps.theSystemHasNoExistingCategories()&amp#27;[0m
  &amp#27;[32mWhen &amp#27;[0m&amp#27;[32mthe user creates a category with title &amp#27;[0m&amp#27;[32m&amp#27;[1m"School Work"&amp#27;[0m&amp#27;[32m and description &amp#27;[0m&amp#27;[32m&amp#27;[1m"Assignments and labs"&amp#27;[0m &amp#27;[90m# stepDefinitions.Story11CreateCategorySteps.userCreatesCategoryWithTitleAndDescription(java.lang.String,java.lang.String)&amp#27;[0m
  &amp#27;[32mThen &amp#27;[0m&amp#27;[32mthe category with title &amp#27;[0m&amp#27;[32m&amp#27;[1m"School Work"&amp#27;[0m&amp#27;[32m should be successfully created&amp#27;[0m                        &amp#27;[90m# stepDefinitions.Story11CreateCategorySteps.categoryShouldBeSuccessfullyCreated(java.lang.String)&amp#27;[0m
  &amp#27;[32mAnd &amp#27;[0m&amp#27;[32mthe user is notified of the successful creation operation&amp#27;[0m                                    &amp#27;[90m# stepDefinitions.Story11CreateCategorySteps.userIsNotifiedOfSuccess()&amp#27;[0m
]]></system-out>
  </testcase>
  <testcase name="Example #1.1" classname="Examples" time="0.105">
    <system-out><![CDATA[
Scenario Outline: Creating a category without an optional description (Alternate Flow) &amp#27;[90m# features/Story11CreateCategory.feature:27&amp#27;[0m
  &amp#27;[32mGiven &amp#27;[0m&amp#27;[32mthe server is running for category creation&amp#27;[0m                                    &amp#27;[90m# stepDefinitions.Story11CreateCategorySteps.theServerIsRunning()&amp#27;[0m
  &amp#27;[32mAnd &amp#27;[0m&amp#27;[32mthe system has no existing categories&amp#27;[0m                                            &amp#27;[90m# stepDefinitions.Story11CreateCategorySteps.theSystemHasNoExistingCategories()&amp#27;[0m
  &amp#27;[32mWhen &amp#27;[0m&amp#27;[32mthe user creates a category with title &amp#27;[0m&amp#27;[32m&amp#27;[1m"Work"&amp#27;[0m&amp#27;[32m and no description&amp#27;[0m                &amp#27;[90m# stepDefinitions.Story11CreateCategorySteps.userCreatesCategoryWithTitleNoDescription(java.lang.String)&amp#27;[0m
  &amp#27;[32mThen &amp#27;[0m&amp#27;[32mthe category with title &amp#27;[0m&amp#27;[32m&amp#27;[1m"Work"&amp#27;[0m&amp#27;[32m should be successfully created&amp#27;[0m                   &amp#27;[90m# stepDefinitions.Story11CreateCategorySteps.categoryShouldBeSuccessfullyCreated(java.lang.String)&amp#27;[0m
  &amp#27;[32mAnd &amp#27;[0m&amp#27;[32mthe user is notified of the successful creation operation&amp#27;[0m                        &amp#27;[90m# stepDefinitions.Story11CreateCategorySteps.userIsNotifiedOfSuccess()&amp#27;[0m
]]></system-out>
  </testcase>
  <testcase name="Example #1.1" classname="Examples" time="0.064">
    <system-out><![CDATA[
Scenario Outline: Attempting to create a category with an empty title (Error Flow)  &amp#27;[90m# features/Story11CreateCategory.feature:37&amp#27;[0m
  &amp#27;[32mGiven &amp#27;[0m&amp#27;[32mthe server is running for category creation&amp#27;[0m                                 &amp#27;[90m# stepDefinitions.Story11CreateCategorySteps.theServerIsRunning()&amp#27;[0m
  &amp#27;[32mAnd &amp#27;[0m&amp#27;[32mthe system has no existing categories&amp#27;[0m                                         &amp#27;[90m# stepDefinitions.Story11CreateCategorySteps.theSystemHasNoExistingCategories()&amp#27;[0m
  &amp#27;[32mWhen &amp#27;[0m&amp#27;[32mthe user creates a category with title &amp#27;[0m&amp#27;[32m&amp#27;[1m""&amp#27;[0m&amp#27;[32m and description &amp#27;[0m&amp#27;[32m&amp#27;[1m"Invalid category"&amp#27;[0m &amp#27;[90m# stepDefinitions.Story11CreateCategorySteps.userCreatesCategoryWithTitleAndDescription(java.lang.String,java.lang.String)&amp#27;[0m
  &amp#27;[32mThen &amp#27;[0m&amp#27;[32mthe API should respond with an error message &amp#27;[0m&amp#27;[32m&amp#27;[1m"Invalid input parameters"&amp#27;[0m      &amp#27;[90m# stepDefinitions.Story11CreateCategorySteps.apiShouldRespondWithErrorMessage(java.lang.String)&amp#27;[0m
]]></system-out>
  </testcase>
  <testcase name="Example #1.1" classname="Examples" time="0.154">
    <system-out><![CDATA[
Scenario Outline: Retrieving a category by its stored ID (Alternate Flow)                              &amp#27;[90m# features/Story12SearchCategory.feature:27&amp#27;[0m
  &amp#27;[32mGiven &amp#27;[0m&amp#27;[32mthe server is running for search category&amp#27;[0m                                                      &amp#27;[90m# stepDefinitions.Story12SearchCategorySteps.theServerIsRunning()&amp#27;[0m
✅ Created categories: {Personal=132, School Work=131, Hobbies=134, Fitness=133}
  &amp#27;[32mAnd &amp#27;[0m&amp#27;[32mcategories with the following details exist for search category&amp#27;[0m                                  &amp#27;[90m# stepDefinitions.Story12SearchCategorySteps.categoriesExist(io.cucumber.datatable.DataTable)&amp#27;[0m
    | title         | description              |
    | "School Work" | "Assignments and labs"   |
    | "Personal"    | "Daily personal tasks"   |
    | "Fitness"     | "Workout and nutrition"  |
    | "Hobbies"     | "Creative weekend plans" |
  &amp#27;[32mWhen &amp#27;[0m&amp#27;[32mthe user retrieves the category with stored id for &amp#27;[0m&amp#27;[32m&amp#27;[1m"School Work"&amp#27;[0m                                &amp#27;[90m# stepDefinitions.Story12SearchCategorySteps.userRetrievesCategoryByStoredId(java.lang.String)&amp#27;[0m
  &amp#27;[32mThen &amp#27;[0m&amp#27;[32mthe server responds with status &amp#27;[0m&amp#27;[32m&amp#27;[1m200&amp#27;[0m                                                             &amp#27;[90m# stepDefinitions.Story12SearchCategorySteps.serverRespondsWithStatus(int)&amp#27;[0m
  &amp#27;[32mAnd &amp#27;[0m&amp#27;[32mthe response includes a category with title &amp#27;[0m&amp#27;[32m&amp#27;[1m"School Work"&amp#27;[0m&amp#27;[32m and description &amp#27;[0m&amp#27;[32m&amp#27;[1m"Assignments and labs"&amp#27;[0m &amp#27;[90m# stepDefinitions.Story12SearchCategorySteps.responseIncludesCategoryWithTitleAndDescription(java.lang.String,java.lang.String)&amp#27;[0m
🧹 Deleted test category ID: 132
🧹 Deleted test category ID: 131
🧹 Deleted test category ID: 134
🧹 Deleted test category ID: 133
]]></system-out>
  </testcase>
  <testcase name="Example #1.1" classname="Examples" time="0.083">
    <system-out><![CDATA[
Scenario Outline: Updating a categoryâ€™s title and description (Normal Flow)                           &amp#27;[90m# features/Story13UpdateCategory.feature:18&amp#27;[0m
  &amp#27;[32mGiven &amp#27;[0m&amp#27;[32mthe server is running for update category&amp#27;[0m                                                     &amp#27;[90m# stepDefinitions.Story13UpdateCategorySteps.theServerIsRunning()&amp#27;[0m
✅ Created test categories: {Personal=143}
  &amp#27;[32mAnd &amp#27;[0m&amp#27;[32mcategories with the following details exist for update category&amp#27;[0m                                 &amp#27;[90m# stepDefinitions.Story13UpdateCategorySteps.categoriesExist(io.cucumber.datatable.DataTable)&amp#27;[0m
    | id | title      | description           |
    | 1  | "Personal" | "Reminders and tasks" |
  &amp#27;[32mWhen &amp#27;[0m&amp#27;[32mthe user updates category with id &amp#27;[0m&amp#27;[32m&amp#27;[1m1&amp#27;[0m&amp#27;[32m to title &amp#27;[0m&amp#27;[32m&amp#27;[1m"Personal V2"&amp#27;[0m&amp#27;[32m and description &amp#27;[0m&amp#27;[32m&amp#27;[1m"Updated reminders"&amp#27;[0m &amp#27;[90m# stepDefinitions.Story13UpdateCategorySteps.userUpdatesCategoryWithNewTitleAndDescription(int,java.lang.String,java.lang.String)&amp#27;[0m
  &amp#27;[32mThen &amp#27;[0m&amp#27;[32mthe server responds with status &amp#27;[0m&amp#27;[32m&amp#27;[1m200&amp#27;[0m&amp#27;[32m for update&amp#27;[0m                                                 &amp#27;[90m# stepDefinitions.Story13UpdateCategorySteps.serverRespondsWithStatusForUpdate(int)&amp#27;[0m
  &amp#27;[32mAnd &amp#27;[0m&amp#27;[32mthe categoryâ€™s title is now &amp#27;[0m&amp#27;[32m&amp#27;[1m"Personal V2"&amp#27;[0m                                                       &amp#27;[90m# stepDefinitions.Story13UpdateCategorySteps.categoryTitleIsNow(java.lang.String)&amp#27;[0m
🧹 Deleted test category ID: 143
]]></system-out>
  </testcase>
  <testcase name="Example #1.1" classname="Examples" time="0.086">
    <system-out><![CDATA[
Scenario Outline: Updating only the categoryâ€™s description (Alternate Flow)  &amp#27;[90m# features/Story13UpdateCategory.feature:27&amp#27;[0m
  &amp#27;[32mGiven &amp#27;[0m&amp#27;[32mthe server is running for update category&amp#27;[0m                            &amp#27;[90m# stepDefinitions.Story13UpdateCategorySteps.theServerIsRunning()&amp#27;[0m
✅ Created test categories: {Personal=144}
  &amp#27;[32mAnd &amp#27;[0m&amp#27;[32mcategories with the following details exist for update category&amp#27;[0m        &amp#27;[90m# stepDefinitions.Story13UpdateCategorySteps.categoriesExist(io.cucumber.datatable.DataTable)&amp#27;[0m
    | id | title      | description           |
    | 1  | "Personal" | "Reminders and tasks" |
  &amp#27;[32mWhen &amp#27;[0m&amp#27;[32mthe user updates category with id &amp#27;[0m&amp#27;[32m&amp#27;[1m1&amp#27;[0m&amp#27;[32m to description &amp#27;[0m&amp#27;[32m&amp#27;[1m"Only description"&amp#27;[0m &amp#27;[90m# stepDefinitions.Story13UpdateCategorySteps.userUpdatesCategoryDescriptionOnly(int,java.lang.String)&amp#27;[0m
  &amp#27;[32mThen &amp#27;[0m&amp#27;[32mthe server responds with status &amp#27;[0m&amp#27;[32m&amp#27;[1m200&amp#27;[0m&amp#27;[32m for update&amp#27;[0m                        &amp#27;[90m# stepDefinitions.Story13UpdateCategorySteps.serverRespondsWithStatusForUpdate(int)&amp#27;[0m
  &amp#27;[32mAnd &amp#27;[0m&amp#27;[32mthe categoryâ€™s title remains unchanged&amp#27;[0m                                 &amp#27;[90m# stepDefinitions.Story13UpdateCategorySteps.categoryTitleRemainsUnchanged()&amp#27;[0m
🧹 Deleted test category ID: 144
]]></system-out>
  </testcase>
  <testcase name="Example #1.1" classname="Examples" time="0.078">
    <system-out><![CDATA[
Scenario Outline: Updating a non-existent category (Error Flow)        &amp#27;[90m# features/Story13UpdateCategory.feature:35&amp#27;[0m
  &amp#27;[32mGiven &amp#27;[0m&amp#27;[32mthe server is running for update category&amp#27;[0m                      &amp#27;[90m# stepDefinitions.Story13UpdateCategorySteps.theServerIsRunning()&amp#27;[0m
✅ Created test categories: {Personal=145}
  &amp#27;[32mAnd &amp#27;[0m&amp#27;[32mcategories with the following details exist for update category&amp#27;[0m  &amp#27;[90m# stepDefinitions.Story13UpdateCategorySteps.categoriesExist(io.cucumber.datatable.DataTable)&amp#27;[0m
    | id | title      | description           |
    | 1  | "Personal" | "Reminders and tasks" |
  &amp#27;[32mWhen &amp#27;[0m&amp#27;[32mthe user updates category with id &amp#27;[0m&amp#27;[32m&amp#27;[1m999&amp#27;[0m&amp#27;[32m to title &amp#27;[0m&amp#27;[32m&amp#27;[1m"Ghost Category"&amp#27;[0m &amp#27;[90m# stepDefinitions.Story13UpdateCategorySteps.userUpdatesNonexistentCategory(int,java.lang.String)&amp#27;[0m
  &amp#27;[32mThen &amp#27;[0m&amp#27;[32mthe update server responds with status &amp#27;[0m&amp#27;[32m&amp#27;[1m404&amp#27;[0m                      &amp#27;[90m# stepDefinitions.Story13UpdateCategorySteps.updateServerRespondsWithStatus(int)&amp#27;[0m
🧹 Deleted test category ID: 145
]]></system-out>
  </testcase>
  <testcase name="Example #1.1" classname="Examples" time="0.103">
    <system-out><![CDATA[
Scenario Outline: Deleting an existing category (Normal Flow)         &amp#27;[90m# features/Story14DeleteCategory.feature:15&amp#27;[0m
  &amp#27;[32mGiven &amp#27;[0m&amp#27;[32mthe server is running for delete category&amp#27;[0m                     &amp#27;[90m# stepDefinitions.Story14DeleteCategorySteps.theServerIsRunning()&amp#27;[0m
✅ Created test categories for deletion: {Temporary=146}
  &amp#27;[32mAnd &amp#27;[0m&amp#27;[32mcategories with the following details exist for delete category&amp#27;[0m &amp#27;[90m# stepDefinitions.Story14DeleteCategorySteps.categoriesExist(io.cucumber.datatable.DataTable)&amp#27;[0m
    | id | title       | description        |
    | 2  | "Temporary" | "Short-term tasks" |
  &amp#27;[32mWhen &amp#27;[0m&amp#27;[32mthe user deletes category with id &amp#27;[0m&amp#27;[32m&amp#27;[1m2&amp#27;[0m                            &amp#27;[90m# stepDefinitions.Story14DeleteCategorySteps.userDeletesCategoryWithId(int)&amp#27;[0m
  &amp#27;[32mThen &amp#27;[0m&amp#27;[32mthe delete server responds with status &amp#27;[0m&amp#27;[32m&amp#27;[1m200&amp#27;[0m                     &amp#27;[90m# stepDefinitions.Story14DeleteCategorySteps.deleteServerRespondsWithStatus(int)&amp#27;[0m
  &amp#27;[32mAnd &amp#27;[0m&amp#27;[32mthe category with id &amp#27;[0m&amp#27;[32m&amp#27;[1m2&amp#27;[0m&amp#27;[32m should no longer exist&amp#27;[0m                   &amp#27;[90m# stepDefinitions.Story14DeleteCategorySteps.categoryShouldNoLongerExist(int)&amp#27;[0m
🧹 Deleted test category ID: 146
]]></system-out>
  </testcase>
  <testcase name="Example #1.1" classname="Examples" time="0.123">
    <system-out><![CDATA[
Scenario Outline: Deleting a category that was already deleted (Alternate Flow)  &amp#27;[90m# features/Story14DeleteCategory.feature:24&amp#27;[0m
  &amp#27;[32mGiven &amp#27;[0m&amp#27;[32mthe server is running for delete category&amp#27;[0m                                &amp#27;[90m# stepDefinitions.Story14DeleteCategorySteps.theServerIsRunning()&amp#27;[0m
✅ Created test categories for deletion: {Temporary=147}
  &amp#27;[32mAnd &amp#27;[0m&amp#27;[32mcategories with the following details exist for delete category&amp#27;[0m            &amp#27;[90m# stepDefinitions.Story14DeleteCategorySteps.categoriesExist(io.cucumber.datatable.DataTable)&amp#27;[0m
    | id | title       | description        |
    | 2  | "Temporary" | "Short-term tasks" |
  &amp#27;[32mGiven &amp#27;[0m&amp#27;[32mcategory with id &amp#27;[0m&amp#27;[32m&amp#27;[1m2&amp#27;[0m&amp#27;[32m was deleted previously&amp#27;[0m                                &amp#27;[90m# stepDefinitions.Story14DeleteCategorySteps.categoryWasDeletedPreviously(int)&amp#27;[0m
  &amp#27;[32mWhen &amp#27;[0m&amp#27;[32mthe user deletes category with id &amp#27;[0m&amp#27;[32m&amp#27;[1m2&amp#27;[0m&amp#27;[32m again&amp#27;[0m                                 &amp#27;[90m# stepDefinitions.Story14DeleteCategorySteps.userDeletesCategoryAgain(int)&amp#27;[0m
  &amp#27;[32mThen &amp#27;[0m&amp#27;[32mthe delete server responds with status &amp#27;[0m&amp#27;[32m&amp#27;[1m404&amp#27;[0m                                &amp#27;[90m# stepDefinitions.Story14DeleteCategorySteps.deleteServerRespondsWithStatus(int)&amp#27;[0m
🔍 Delete response body: {"errorMessages":["Could not find any instances with categories/147"]}
  &amp#27;[32mAnd &amp#27;[0m&amp#27;[32mthe user is notified with delete message &amp#27;[0m&amp#27;[32m&amp#27;[1m"Category not found for deletion"&amp#27;[0m &amp#27;[90m# stepDefinitions.Story14DeleteCategorySteps.userIsNotifiedWithDeleteMessage(java.lang.String)&amp#27;[0m
🧹 Deleted test category ID: 147
]]></system-out>
  </testcase>
  <testcase name="Example #1.1" classname="Examples" time="0.097">
    <system-out><![CDATA[
Scenario Outline: Deleting a category with invalid ID format (Error Flow)      &amp#27;[90m# features/Story14DeleteCategory.feature:32&amp#27;[0m
  &amp#27;[32mGiven &amp#27;[0m&amp#27;[32mthe server is running for delete category&amp#27;[0m                              &amp#27;[90m# stepDefinitions.Story14DeleteCategorySteps.theServerIsRunning()&amp#27;[0m
✅ Created test categories for deletion: {Temporary=148}
  &amp#27;[32mAnd &amp#27;[0m&amp#27;[32mcategories with the following details exist for delete category&amp#27;[0m          &amp#27;[90m# stepDefinitions.Story14DeleteCategorySteps.categoriesExist(io.cucumber.datatable.DataTable)&amp#27;[0m
    | id | title       | description        |
    | 2  | "Temporary" | "Short-term tasks" |
  &amp#27;[32mWhen &amp#27;[0m&amp#27;[32mthe user deletes category with id &amp#27;[0m&amp#27;[32m&amp#27;[1m"abc"&amp#27;[0m                                 &amp#27;[90m# stepDefinitions.Story14DeleteCategorySteps.userDeletesCategoryWithInvalidId(java.lang.String)&amp#27;[0m
⚠️ Server returned 404 instead of 400 for invalid ID — acceptable for Thingifier.
  &amp#27;[32mThen &amp#27;[0m&amp#27;[32mthe delete server responds with status &amp#27;[0m&amp#27;[32m&amp#27;[1m400&amp#27;[0m                              &amp#27;[90m# stepDefinitions.Story14DeleteCategorySteps.deleteServerRespondsWithStatus(int)&amp#27;[0m
🔍 Invalid delete response body: {"errorMessages":["Could not find any instances with categories/abc"]}
  &amp#27;[32mAnd &amp#27;[0m&amp#27;[32mthe user is notified with message &amp#27;[0m&amp#27;[32m&amp#27;[1m"Invalid ID format"&amp#27;[0m&amp#27;[32m for invalid delete&amp#27;[0m &amp#27;[90m# stepDefinitions.Story14DeleteCategorySteps.userIsNotifiedWithInvalidDeleteMessage(java.lang.String)&amp#27;[0m
🧹 Deleted test category ID: 148
]]></system-out>
  </testcase>
  <testcase name="Example #1.1" classname="Examples" time="0.953">
    <system-out><![CDATA[
@stories16to20
Scenario Outline: Successfully add an existing task to a project (Normal Flow)                                    &amp#27;[90m# features/Story16CreateTaskToProject.feature:27&amp#27;[0m
  &amp#27;[32mGiven &amp#27;[0m&amp#27;[32mthe server is running&amp#27;[0m                                                                                     &amp#27;[90m# stepDefinitions.CommonSteps.the_server_is_running()&amp#27;[0m
  &amp#27;[32mAnd &amp#27;[0m&amp#27;[32mprojects with the following details exist in 16&amp#27;[0m                                                             &amp#27;[90m# stepDefinitions.Story16CreateTaskToProjectSteps.projectsWithTheFollowingDetailsExist(io.cucumber.datatable.DataTable)&amp#27;[0m
    | title            | completed | description      | active |
    | Website Redesign | false     | UI improvements  | true   |
    | Marketing Launch | false     | Campaign rollout | true   |
  &amp#27;[32mAnd &amp#27;[0m&amp#27;[32mTODOs with the following details exist in 16&amp#27;[0m                                                                &amp#27;[90m# stepDefinitions.Story16CreateTaskToProjectSteps.todosWithTheFollowingDetailsExist(io.cucumber.datatable.DataTable)&amp#27;[0m
    | title                 | doneStatus | description           |
    | Create landing page   | false      | design initial layout |
    | Schedule social posts | false      | for next 2 weeks      |
    | Write product specs   | false      | version 1.0 draft     |
  &amp#27;[32mWhen &amp#27;[0m&amp#27;[32mthe project manager adds a TODO with title &amp#27;[0m&amp#27;[32m&amp#27;[1m"Create landing page"&amp#27;[0m&amp#27;[32m to a project with name &amp#27;[0m&amp#27;[32m&amp#27;[1m"Website Redesign"&amp#27;[0m &amp#27;[90m# stepDefinitions.Story16CreateTaskToProjectSteps.the_project_manager_adds_a_todo_with_title_to_a_project_with_name(java.lang.String,java.lang.String)&amp#27;[0m
  &amp#27;[32mThen &amp#27;[0m&amp#27;[32mthe TODO with title &amp#27;[0m&amp#27;[32m&amp#27;[1m"Create landing page"&amp#27;[0m&amp#27;[32m is linked as a task under the project named &amp#27;[0m&amp#27;[32m&amp#27;[1m"Website Redesign"&amp#27;[0m   &amp#27;[90m# stepDefinitions.Story16CreateTaskToProjectSteps.the_todo_with_title_is_linked_as_a_task_under_the_project_named(java.lang.String,java.lang.String)&amp#27;[0m
  &amp#27;[32mAnd &amp#27;[0m&amp#27;[32mthe project manager receives a confirmation of successful linking&amp#27;[0m                                           &amp#27;[90m# stepDefinitions.Story16CreateTaskToProjectSteps.the_project_manager_receives_a_confirmation_of_successful_linking()&amp#27;[0m
]]></system-out>
  </testcase>
  <testcase name="Example #1.1" classname="Examples" time="0.187">
    <system-out><![CDATA[
@stories16to20
Scenario Outline: Add a task after creating a new project (Alternative Flow)                                    &amp#27;[90m# features/Story16CreateTaskToProject.feature:38&amp#27;[0m
  &amp#27;[32mGiven &amp#27;[0m&amp#27;[32mthe server is running&amp#27;[0m                                                                                   &amp#27;[90m# stepDefinitions.CommonSteps.the_server_is_running()&amp#27;[0m
  &amp#27;[32mAnd &amp#27;[0m&amp#27;[32mprojects with the following details exist in 16&amp#27;[0m                                                           &amp#27;[90m# stepDefinitions.Story16CreateTaskToProjectSteps.projectsWithTheFollowingDetailsExist(io.cucumber.datatable.DataTable)&amp#27;[0m
    | title            | completed | description      | active |
    | Website Redesign | false     | UI improvements  | true   |
    | Marketing Launch | false     | Campaign rollout | true   |
  &amp#27;[32mAnd &amp#27;[0m&amp#27;[32mTODOs with the following details exist in 16&amp#27;[0m                                                              &amp#27;[90m# stepDefinitions.Story16CreateTaskToProjectSteps.todosWithTheFollowingDetailsExist(io.cucumber.datatable.DataTable)&amp#27;[0m
    | title                 | doneStatus | description           |
    | Create landing page   | false      | design initial layout |
    | Schedule social posts | false      | for next 2 weeks      |
    | Write product specs   | false      | version 1.0 draft     |
  &amp#27;[32mGiven &amp#27;[0m&amp#27;[32mthe project manager creates a new project with name &amp#27;[0m&amp#27;[32m&amp#27;[1m"API Integration"&amp#27;[0m&amp#27;[32m and description &amp#27;[0m&amp#27;[32m&amp#27;[1m"Backend updates"&amp#27;[0m &amp#27;[90m# stepDefinitions.Story16CreateTaskToProjectSteps.the_project_manager_creates_a_new_project_with_name_and_description(java.lang.String,java.lang.String)&amp#27;[0m
  &amp#27;[32mWhen &amp#27;[0m&amp#27;[32mthe project manager adds a TODO with title &amp#27;[0m&amp#27;[32m&amp#27;[1m"Write product specs"&amp#27;[0m&amp#27;[32m to the project named &amp#27;[0m&amp#27;[32m&amp#27;[1m"API Integration"&amp#27;[0m  &amp#27;[90m# stepDefinitions.Story16CreateTaskToProjectSteps.the_project_manager_adds_a_todo_with_title_to_the_project_named(java.lang.String,java.lang.String)&amp#27;[0m
  &amp#27;[32mThen &amp#27;[0m&amp#27;[32mthe TODO with title &amp#27;[0m&amp#27;[32m&amp#27;[1m"Write product specs"&amp#27;[0m&amp#27;[32m is linked as a task under the project named &amp#27;[0m&amp#27;[32m&amp#27;[1m"API Integration"&amp#27;[0m  &amp#27;[90m# stepDefinitions.Story16CreateTaskToProjectSteps.the_todo_with_title_is_linked_as_a_task_under_the_project_named(java.lang.String,java.lang.String)&amp#27;[0m
  &amp#27;[32mAnd &amp#27;[0m&amp#27;[32mthe project manager receives a confirmation of successful linking&amp#27;[0m                                         &amp#27;[90m# stepDefinitions.Story16CreateTaskToProjectSteps.the_project_manager_receives_a_confirmation_of_successful_linking()&amp#27;[0m
]]></system-out>
  </testcase>
  <testcase name="Example #1.1" classname="Examples" time="0.148">
    <system-out><![CDATA[
@stories16to20
Scenario Outline: Attempt to add a non-existing task to a project (Error Flow)                                                        &amp#27;[90m# features/Story16CreateTaskToProject.feature:47&amp#27;[0m
  &amp#27;[32mGiven &amp#27;[0m&amp#27;[32mthe server is running&amp#27;[0m                                                                                                         &amp#27;[90m# stepDefinitions.CommonSteps.the_server_is_running()&amp#27;[0m
  &amp#27;[32mAnd &amp#27;[0m&amp#27;[32mprojects with the following details exist in 16&amp#27;[0m                                                                                 &amp#27;[90m# stepDefinitions.Story16CreateTaskToProjectSteps.projectsWithTheFollowingDetailsExist(io.cucumber.datatable.DataTable)&amp#27;[0m
    | title            | completed | description      | active |
    | Website Redesign | false     | UI improvements  | true   |
    | Marketing Launch | false     | Campaign rollout | true   |
  &amp#27;[32mAnd &amp#27;[0m&amp#27;[32mTODOs with the following details exist in 16&amp#27;[0m                                                                                    &amp#27;[90m# stepDefinitions.Story16CreateTaskToProjectSteps.todosWithTheFollowingDetailsExist(io.cucumber.datatable.DataTable)&amp#27;[0m
    | title                 | doneStatus | description           |
    | Create landing page   | false      | design initial layout |
    | Schedule social posts | false      | for next 2 weeks      |
    | Write product specs   | false      | version 1.0 draft     |
  &amp#27;[32mGiven &amp#27;[0m&amp#27;[32ma TODO with id &amp#27;[0m&amp#27;[32m&amp#27;[1m"99"&amp#27;[0m&amp#27;[32m does not exist&amp#27;[0m                                                                                            &amp#27;[90m# stepDefinitions.Story16CreateTaskToProjectSteps.a_todo_with_id_does_not_exist(java.lang.String)&amp#27;[0m
  &amp#27;[32mWhen &amp#27;[0m&amp#27;[32mthe project manager adds a TODO with id &amp#27;[0m&amp#27;[32m&amp#27;[1m"99"&amp#27;[0m&amp#27;[32m to a project named &amp#27;[0m&amp#27;[32m&amp#27;[1m"Website Redesign"&amp#27;[0m                                             &amp#27;[90m# stepDefinitions.Story16CreateTaskToProjectSteps.the_project_manager_adds_a_todo_with_id_to_a_project_named(java.lang.String,java.lang.String)&amp#27;[0m
  &amp#27;[32mThen &amp#27;[0m&amp#27;[32mthe project manager is notified of the error with the message &amp#27;[0m&amp#27;[32m&amp#27;[1m"Could not find parent thing for relationship projects/99/tasks"&amp#27;[0m &amp#27;[90m# stepDefinitions.Story16CreateTaskToProjectSteps.the_project_manager_is_notified_of_the_error_with_the_message(java.lang.String)&amp#27;[0m
]]></system-out>
  </testcase>
  <testcase name="Example #1.1" classname="Examples" time="0.292">
    <system-out><![CDATA[
@stories16to20
Scenario Outline: Successfully remove a task from a project (Normal Flow)                       &amp#27;[90m# features/Story17RemoveTaskFromProject.feature:27&amp#27;[0m
  &amp#27;[32mGiven &amp#27;[0m&amp#27;[32mthe server is running&amp#27;[0m                                                                   &amp#27;[90m# stepDefinitions.CommonSteps.the_server_is_running()&amp#27;[0m
  &amp#27;[32mAnd &amp#27;[0m&amp#27;[32mprojects with the following details exist&amp#27;[0m                                                 &amp#27;[90m# stepDefinitions.Story19LinkProjectToCategorySteps.projectsWithTheFollowingDetailsExist(io.cucumber.datatable.DataTable)&amp#27;[0m
    | title            | completed | description     | active |
    | Mobile App       | false     | UI polish phase | true   |
    | Website Redesign | false     | UX improvement  | true   |
✅ Created TODOs for linking test: {Implement dark mode=134, Fix navigation bugs=135}
  &amp#27;[32mAnd &amp#27;[0m&amp#27;[32mTODOs with the following details exist&amp#27;[0m                                                    &amp#27;[90m# stepDefinitions.Story15LinkTodoProjectCategorySteps.todosExist(io.cucumber.datatable.DataTable)&amp#27;[0m
    | title               | doneStatus | description          |
    | Implement dark mode | false      | finish remaining UI  |
    | Fix navigation bugs | false      | menu and back button |
  &amp#27;[32mGiven &amp#27;[0m&amp#27;[32mthe project &amp#27;[0m&amp#27;[32m&amp#27;[1m"Mobile App"&amp#27;[0m&amp#27;[32m has the TODO &amp#27;[0m&amp#27;[32m&amp#27;[1m"Implement dark mode"&amp#27;[0m&amp#27;[32m linked as a task&amp#27;[0m            &amp#27;[90m# stepDefinitions.Story17RemoveTaskFromProjectSteps.projectHasTodoLinked(java.lang.String,java.lang.String)&amp#27;[0m
  &amp#27;[32mWhen &amp#27;[0m&amp#27;[32mthe project manager removes the TODO &amp#27;[0m&amp#27;[32m&amp#27;[1m"Implement dark mode"&amp#27;[0m&amp#27;[32m from the project &amp#27;[0m&amp#27;[32m&amp#27;[1m"Mobile App"&amp#27;[0m &amp#27;[90m# stepDefinitions.Story17RemoveTaskFromProjectSteps.removeTodoFromProject(java.lang.String,java.lang.String)&amp#27;[0m
  &amp#27;[32mThen &amp#27;[0m&amp#27;[32mthe relationship between the TODO and the project is deleted successfully&amp#27;[0m                &amp#27;[90m# stepDefinitions.Story17RemoveTaskFromProjectSteps.verifyTaskUnlinked()&amp#27;[0m
  &amp#27;[32mAnd &amp#27;[0m&amp#27;[32mthe TODO no longer appears in the projectâ€™s task list&amp#27;[0m                                     &amp#27;[90m# stepDefinitions.Story17RemoveTaskFromProjectSteps.the_todo_no_longer_appears_in_the_project_s_task_list()&amp#27;[0m
🧹 Deleted test TODO ID: 134
🧹 Deleted test TODO ID: 135
]]></system-out>
  </testcase>
  <testcase name="Example #1.1" classname="Examples" time="0.231">
    <system-out><![CDATA[
@stories16to20
Scenario Outline: Attempt to remove a non-linked task from a project (Alternate Flow)                                         &amp#27;[90m# features/Story17RemoveTaskFromProject.feature:37&amp#27;[0m
  &amp#27;[32mGiven &amp#27;[0m&amp#27;[32mthe server is running&amp#27;[0m                                                                                                 &amp#27;[90m# stepDefinitions.CommonSteps.the_server_is_running()&amp#27;[0m
  &amp#27;[32mAnd &amp#27;[0m&amp#27;[32mprojects with the following details exist&amp#27;[0m                                                                               &amp#27;[90m# stepDefinitions.Story19LinkProjectToCategorySteps.projectsWithTheFollowingDetailsExist(io.cucumber.datatable.DataTable)&amp#27;[0m
    | title            | completed | description     | active |
    | Mobile App       | false     | UI polish phase | true   |
    | Website Redesign | false     | UX improvement  | true   |
✅ Created TODOs for linking test: {Implement dark mode=138, Fix navigation bugs=139}
  &amp#27;[32mAnd &amp#27;[0m&amp#27;[32mTODOs with the following details exist&amp#27;[0m                                                                                  &amp#27;[90m# stepDefinitions.Story15LinkTodoProjectCategorySteps.todosExist(io.cucumber.datatable.DataTable)&amp#27;[0m
    | title               | doneStatus | description          |
    | Implement dark mode | false      | finish remaining UI  |
    | Fix navigation bugs | false      | menu and back button |
  &amp#27;[32mGiven &amp#27;[0m&amp#27;[32mthe project &amp#27;[0m&amp#27;[32m&amp#27;[1m"Website Redesign"&amp#27;[0m&amp#27;[32m exists but the TODO &amp#27;[0m&amp#27;[32m&amp#27;[1m"Implement dark mode"&amp#27;[0m&amp#27;[32m is not linked&amp#27;[0m                                &amp#27;[90m# stepDefinitions.Story17RemoveTaskFromProjectSteps.projectExistsButTodoNotLinked(java.lang.String,java.lang.String)&amp#27;[0m
  &amp#27;[32mWhen &amp#27;[0m&amp#27;[32mthe project manager tries to remove the TODO &amp#27;[0m&amp#27;[32m&amp#27;[1m"Implement dark mode"&amp#27;[0m&amp#27;[32m from the project &amp#27;[0m&amp#27;[32m&amp#27;[1m"Website Redesign"&amp#27;[0m                 &amp#27;[90m# stepDefinitions.Story17RemoveTaskFromProjectSteps.removeUnlinkedTodo(java.lang.String,java.lang.String)&amp#27;[0m
  &amp#27;[32mThen &amp#27;[0m&amp#27;[32mthe system returns a not found response with message &amp#27;[0m&amp#27;[32m&amp#27;[1m"Could not find relationship projects/ID/tasks/TODO_ID to delete"&amp#27;[0m &amp#27;[90m# stepDefinitions.Story17RemoveTaskFromProjectSteps.verifyNotFoundResponse(java.lang.String)&amp#27;[0m
🧹 Deleted test TODO ID: 138
🧹 Deleted test TODO ID: 139
]]></system-out>
  </testcase>
  <testcase name="Example #1.1" classname="Examples" time="0.111">
    <system-out><![CDATA[
@stories16to20
Scenario Outline: Attempt to remove a task from a non-existent project (Error Flow)                                        &amp#27;[90m# features/Story17RemoveTaskFromProject.feature:46&amp#27;[0m
  &amp#27;[32mGiven &amp#27;[0m&amp#27;[32mthe server is running&amp#27;[0m                                                                                              &amp#27;[90m# stepDefinitions.CommonSteps.the_server_is_running()&amp#27;[0m
  &amp#27;[32mAnd &amp#27;[0m&amp#27;[32mprojects with the following details exist&amp#27;[0m                                                                            &amp#27;[90m# stepDefinitions.Story19LinkProjectToCategorySteps.projectsWithTheFollowingDetailsExist(io.cucumber.datatable.DataTable)&amp#27;[0m
    | title            | completed | description     | active |
    | Mobile App       | false     | UI polish phase | true   |
    | Website Redesign | false     | UX improvement  | true   |
✅ Created TODOs for linking test: {Implement dark mode=140, Fix navigation bugs=141}
  &amp#27;[32mAnd &amp#27;[0m&amp#27;[32mTODOs with the following details exist&amp#27;[0m                                                                               &amp#27;[90m# stepDefinitions.Story15LinkTodoProjectCategorySteps.todosExist(io.cucumber.datatable.DataTable)&amp#27;[0m
    | title               | doneStatus | description          |
    | Implement dark mode | false      | finish remaining UI  |
    | Fix navigation bugs | false      | menu and back button |
  &amp#27;[32mGiven &amp#27;[0m&amp#27;[32mthe project with id &amp#27;[0m&amp#27;[32m&amp#27;[1m"500"&amp#27;[0m&amp#27;[32m does not exist&amp#27;[0m                                                                           &amp#27;[90m# stepDefinitions.Story17RemoveTaskFromProjectSteps.projectDoesNotExist(java.lang.String)&amp#27;[0m
  &amp#27;[32mWhen &amp#27;[0m&amp#27;[32mthe project manager tries to remove a TODO with id &amp#27;[0m&amp#27;[32m&amp#27;[1m"999"&amp#27;[0m&amp#27;[32m from it&amp#27;[0m                                                    &amp#27;[90m# stepDefinitions.Story17RemoveTaskFromProjectSteps.removeTodoFromNonexistentProject(java.lang.String)&amp#27;[0m
  &amp#27;[32mThen &amp#27;[0m&amp#27;[32mthe API returns a not found response with message &amp#27;[0m&amp#27;[32m&amp#27;[1m"Could not find parent thing for relationship projects/500/tasks"&amp#27;[0m &amp#27;[90m# stepDefinitions.Story17RemoveTaskFromProjectSteps.verifyNotFoundErrorMessage(java.lang.String)&amp#27;[0m
🧹 Deleted test TODO ID: 140
🧹 Deleted test TODO ID: 141
]]></system-out>
  </testcase>
  <testcase name="Example #1.1" classname="Examples" time="0.285">
    <system-out><![CDATA[
@stories16to20
Scenario Outline: Link an existing category to an existing TODO (Normal Flow)                               &amp#27;[90m# features/Story18LinkTodoToCategory.feature:29&amp#27;[0m
  &amp#27;[32mGiven &amp#27;[0m&amp#27;[32mthe server is running&amp#27;[0m                                                                               &amp#27;[90m# stepDefinitions.CommonSteps.the_server_is_running()&amp#27;[0m
  &amp#27;[32mAnd &amp#27;[0m&amp#27;[32mTODOs with the following details exist in the system &amp#27;[0m&amp#27;[32m&amp#27;[1m1&amp#27;[0m                                                &amp#27;[90m# stepDefinitions.Story18LinkTodoToCategorySteps.todosWithTheFollowingDetailsExistInTheSystem(java.lang.Integer,io.cucumber.datatable.DataTable)&amp#27;[0m
    | title                | doneStatus | description        |
    | Finish lab report    | false      | due this Friday    |
    | Prepare presentation | false      | slides + rehearsal |
    | Read chapter 3       | false      | notes for seminar  |
  &amp#27;[32mAnd &amp#27;[0m&amp#27;[32mtodo categories with the following details exist&amp#27;[0m                                                      &amp#27;[90m# stepDefinitions.Story18LinkTodoToCategorySteps.categoriesWithTheFollowingDetailsExist(io.cucumber.datatable.DataTable)&amp#27;[0m
    | title           | description          |
    | High Priority   | urgent within 48 hrs |
    | Medium Priority | due this week        |
    | Low Priority    | nice to have         |
  &amp#27;[32mWhen &amp#27;[0m&amp#27;[32mthe student links the category with title &amp#27;[0m&amp#27;[32m&amp#27;[1m"High Priority"&amp#27;[0m&amp#27;[32m to the TODO with title &amp#27;[0m&amp#27;[32m&amp#27;[1m"Finish lab report"&amp#27;[0m &amp#27;[90m# stepDefinitions.Story18LinkTodoToCategorySteps.linkCategoryTitleToTodoTitle(java.lang.String,java.lang.String)&amp#27;[0m
  &amp#27;[32mThen &amp#27;[0m&amp#27;[32mthe TODO with title &amp#27;[0m&amp#27;[32m&amp#27;[1m"Finish lab report"&amp#27;[0m&amp#27;[32m is linked to the category with title &amp#27;[0m&amp#27;[32m&amp#27;[1m"High Priority"&amp#27;[0m         &amp#27;[90m# stepDefinitions.Story18LinkTodoToCategorySteps.verifyTodoLinkedToCategory(java.lang.String,java.lang.String)&amp#27;[0m
  &amp#27;[32mAnd &amp#27;[0m&amp#27;[32mthe student is notified of the completion of the linking operation&amp#27;[0m                                    &amp#27;[90m# stepDefinitions.Story18LinkTodoToCategorySteps.notifiedOfCompletion()&amp#27;[0m
]]></system-out>
  </testcase>
  <testcase name="Example #1.1" classname="Examples" time="0.241">
    <system-out><![CDATA[
@stories16to20
Scenario Outline: Attempt to relink a category already linked to a TODO (Alternate Flow)                 &amp#27;[90m# features/Story18LinkTodoToCategory.feature:40&amp#27;[0m
  &amp#27;[32mGiven &amp#27;[0m&amp#27;[32mthe server is running&amp#27;[0m                                                                            &amp#27;[90m# stepDefinitions.CommonSteps.the_server_is_running()&amp#27;[0m
  &amp#27;[32mAnd &amp#27;[0m&amp#27;[32mTODOs with the following details exist in the system &amp#27;[0m&amp#27;[32m&amp#27;[1m1&amp#27;[0m                                             &amp#27;[90m# stepDefinitions.Story18LinkTodoToCategorySteps.todosWithTheFollowingDetailsExistInTheSystem(java.lang.Integer,io.cucumber.datatable.DataTable)&amp#27;[0m
    | title                | doneStatus | description        |
    | Finish lab report    | false      | due this Friday    |
    | Prepare presentation | false      | slides + rehearsal |
    | Read chapter 3       | false      | notes for seminar  |
  &amp#27;[32mAnd &amp#27;[0m&amp#27;[32mtodo categories with the following details exist&amp#27;[0m                                                   &amp#27;[90m# stepDefinitions.Story18LinkTodoToCategorySteps.categoriesWithTheFollowingDetailsExist(io.cucumber.datatable.DataTable)&amp#27;[0m
    | title           | description          |
    | High Priority   | urgent within 48 hrs |
    | Medium Priority | due this week        |
    | Low Priority    | nice to have         |
  &amp#27;[32mGiven &amp#27;[0m&amp#27;[32mthe category with title &amp#27;[0m&amp#27;[32m&amp#27;[1m"Low Priority"&amp#27;[0m&amp#27;[32m is already linked to the TODO with title &amp#27;[0m&amp#27;[32m&amp#27;[1m"Read chapter 3"&amp#27;[0m &amp#27;[90m# stepDefinitions.Story18LinkTodoToCategorySteps.categoryAlreadyLinkedToTodo(java.lang.String,java.lang.String)&amp#27;[0m
  &amp#27;[32mWhen &amp#27;[0m&amp#27;[32mthe student links the category with title &amp#27;[0m&amp#27;[32m&amp#27;[1m"Low Priority"&amp#27;[0m&amp#27;[32m to the TODO with title &amp#27;[0m&amp#27;[32m&amp#27;[1m"Read chapter 3"&amp#27;[0m  &amp#27;[90m# stepDefinitions.Story18LinkTodoToCategorySteps.linkCategoryTitleToTodoTitle(java.lang.String,java.lang.String)&amp#27;[0m
  &amp#27;[32mThen &amp#27;[0m&amp#27;[32mthe student is notified of a conflict with the message &amp#27;[0m&amp#27;[32m&amp#27;[1m"Relationship already exists"&amp#27;[0m              &amp#27;[90m# stepDefinitions.Story18LinkTodoToCategorySteps.notifiedOfConflict(java.lang.String)&amp#27;[0m
]]></system-out>
  </testcase>
  <testcase name="Example #1.1" classname="Examples" time="0.201">
    <system-out><![CDATA[
@stories16to20
Scenario Outline: Link a non-existing category to an existing TODO (Error Flow)                                                     &amp#27;[90m# features/Story18LinkTodoToCategory.feature:51&amp#27;[0m
  &amp#27;[32mGiven &amp#27;[0m&amp#27;[32mthe server is running&amp#27;[0m                                                                                                       &amp#27;[90m# stepDefinitions.CommonSteps.the_server_is_running()&amp#27;[0m
  &amp#27;[32mAnd &amp#27;[0m&amp#27;[32mTODOs with the following details exist in the system &amp#27;[0m&amp#27;[32m&amp#27;[1m1&amp#27;[0m                                                                        &amp#27;[90m# stepDefinitions.Story18LinkTodoToCategorySteps.todosWithTheFollowingDetailsExistInTheSystem(java.lang.Integer,io.cucumber.datatable.DataTable)&amp#27;[0m
    | title                | doneStatus | description        |
    | Finish lab report    | false      | due this Friday    |
    | Prepare presentation | false      | slides + rehearsal |
    | Read chapter 3       | false      | notes for seminar  |
  &amp#27;[32mAnd &amp#27;[0m&amp#27;[32mtodo categories with the following details exist&amp#27;[0m                                                                              &amp#27;[90m# stepDefinitions.Story18LinkTodoToCategorySteps.categoriesWithTheFollowingDetailsExist(io.cucumber.datatable.DataTable)&amp#27;[0m
    | title           | description          |
    | High Priority   | urgent within 48 hrs |
    | Medium Priority | due this week        |
    | Low Priority    | nice to have         |
  &amp#27;[32mGiven &amp#27;[0m&amp#27;[32ma category with id &amp#27;[0m&amp#27;[32m&amp#27;[1m"999"&amp#27;[0m&amp#27;[32m does not exist&amp#27;[0m                                                                                     &amp#27;[90m# stepDefinitions.Story18LinkTodoToCategorySteps.categoryWithIdDoesNotExist(java.lang.String)&amp#27;[0m
  &amp#27;[32mAnd &amp#27;[0m&amp#27;[32ma TODO with title &amp#27;[0m&amp#27;[32m&amp#27;[1m"Finish lab report"&amp#27;[0m&amp#27;[32m exists&amp#27;[0m                                                                                  &amp#27;[90m# stepDefinitions.Story18LinkTodoToCategorySteps.aTodoWithTitleExistsUnique(java.lang.String)&amp#27;[0m
  &amp#27;[32mWhen &amp#27;[0m&amp#27;[32mthe student links the category with id &amp#27;[0m&amp#27;[32m&amp#27;[1m"999"&amp#27;[0m&amp#27;[32m to the TODO with title &amp#27;[0m&amp#27;[32m&amp#27;[1m"Finish lab report"&amp#27;[0m                                      &amp#27;[90m# stepDefinitions.Story18LinkTodoToCategorySteps.linkNonExistingCategoryIdToTodoTitle(java.lang.String,java.lang.String)&amp#27;[0m
  &amp#27;[32mThen &amp#27;[0m&amp#27;[32mthe student is notified of the non-existence error with a message &amp#27;[0m&amp#27;[32m&amp#27;[1m"Could not find thing matching value for id in categories"&amp#27;[0m &amp#27;[90m# stepDefinitions.Story18LinkTodoToCategorySteps.notifiedOfNonExistence(java.lang.String)&amp#27;[0m
]]></system-out>
  </testcase>
  <testcase name="Example #1.1" classname="Examples" time="0.234">
    <system-out><![CDATA[
@stories16to20
Scenario Outline: Link an existing category to an existing project (Normal Flow)                           &amp#27;[90m# features/Story19LinkProjectToCategory.feature:28&amp#27;[0m
  &amp#27;[32mGiven &amp#27;[0m&amp#27;[32mthe server is running&amp#27;[0m                                                                              &amp#27;[90m# stepDefinitions.CommonSteps.the_server_is_running()&amp#27;[0m
  &amp#27;[32mAnd &amp#27;[0m&amp#27;[32mprojects with the following details exist&amp#27;[0m                                                            &amp#27;[90m# stepDefinitions.Story19LinkProjectToCategorySteps.projectsWithTheFollowingDetailsExist(io.cucumber.datatable.DataTable)&amp#27;[0m
    | title           | completed | description     | active |
    | Research Portal | false     | prototype phase | true   |
    | Data Cleanup    | false     | ETL refactor    | true   |
  &amp#27;[32mAnd &amp#27;[0m&amp#27;[32mproject categories records with the following details exist&amp#27;[0m                                          &amp#27;[90m# stepDefinitions.Story19LinkProjectToCategorySteps.categoriesWithTheFollowingDetailsExist(io.cucumber.datatable.DataTable)&amp#27;[0m
    | title       | description            |
    | In Progress | active development     |
    | Backlog     | planned but not active |
    | Completed   | delivered              |
  &amp#27;[32mWhen &amp#27;[0m&amp#27;[32mthe manager links the category with title &amp#27;[0m&amp#27;[32m&amp#27;[1m"In Progress"&amp#27;[0m&amp#27;[32m to the project with title &amp#27;[0m&amp#27;[32m&amp#27;[1m"Research Portal"&amp#27;[0m &amp#27;[90m# stepDefinitions.Story19LinkProjectToCategorySteps.linkCategoryToProjectByTitles(java.lang.String,java.lang.String)&amp#27;[0m
  &amp#27;[32mThen &amp#27;[0m&amp#27;[32mthe project with title &amp#27;[0m&amp#27;[32m&amp#27;[1m"Research Portal"&amp#27;[0m&amp#27;[32m is linked to the category with title &amp#27;[0m&amp#27;[32m&amp#27;[1m"In Progress"&amp#27;[0m         &amp#27;[90m# stepDefinitions.Story19LinkProjectToCategorySteps.verifyProjectLinkedToCategory(java.lang.String,java.lang.String)&amp#27;[0m
  &amp#27;[32mAnd &amp#27;[0m&amp#27;[32mthe manager is notified of the completion of the linking operation&amp#27;[0m                                   &amp#27;[90m# stepDefinitions.Story19LinkProjectToCategorySteps.managerNotifiedOfCompletion()&amp#27;[0m
]]></system-out>
  </testcase>
  <testcase name="Example #1.1" classname="Examples" time="0.19">
    <system-out><![CDATA[
@stories16to20
Scenario Outline: Attempt to relink a category already linked to a project (Alternate Flow)             &amp#27;[90m# features/Story19LinkProjectToCategory.feature:39&amp#27;[0m
  &amp#27;[32mGiven &amp#27;[0m&amp#27;[32mthe server is running&amp#27;[0m                                                                           &amp#27;[90m# stepDefinitions.CommonSteps.the_server_is_running()&amp#27;[0m
  &amp#27;[32mAnd &amp#27;[0m&amp#27;[32mprojects with the following details exist&amp#27;[0m                                                         &amp#27;[90m# stepDefinitions.Story19LinkProjectToCategorySteps.projectsWithTheFollowingDetailsExist(io.cucumber.datatable.DataTable)&amp#27;[0m
    | title           | completed | description     | active |
    | Research Portal | false     | prototype phase | true   |
    | Data Cleanup    | false     | ETL refactor    | true   |
  &amp#27;[32mAnd &amp#27;[0m&amp#27;[32mproject categories records with the following details exist&amp#27;[0m                                       &amp#27;[90m# stepDefinitions.Story19LinkProjectToCategorySteps.categoriesWithTheFollowingDetailsExist(io.cucumber.datatable.DataTable)&amp#27;[0m
    | title       | description            |
    | In Progress | active development     |
    | Backlog     | planned but not active |
    | Completed   | delivered              |
  &amp#27;[32mGiven &amp#27;[0m&amp#27;[32mthe category with title &amp#27;[0m&amp#27;[32m&amp#27;[1m"Backlog"&amp#27;[0m&amp#27;[32m is already linked to the project with title &amp#27;[0m&amp#27;[32m&amp#27;[1m"Research Portal"&amp#27;[0m &amp#27;[90m# stepDefinitions.Story19LinkProjectToCategorySteps.categoryAlreadyLinkedToProject(java.lang.String,java.lang.String)&amp#27;[0m
  &amp#27;[32mWhen &amp#27;[0m&amp#27;[32mthe manager links the category with title &amp#27;[0m&amp#27;[32m&amp#27;[1m"Backlog"&amp#27;[0m&amp#27;[32m to the project with title &amp#27;[0m&amp#27;[32m&amp#27;[1m"Research Portal"&amp#27;[0m  &amp#27;[90m# stepDefinitions.Story19LinkProjectToCategorySteps.linkCategoryToProjectByTitles(java.lang.String,java.lang.String)&amp#27;[0m
  &amp#27;[32mThen &amp#27;[0m&amp#27;[32mthe manager is notified of a conflict with the message &amp#27;[0m&amp#27;[32m&amp#27;[1m"Relationship already exists"&amp#27;[0m             &amp#27;[90m# stepDefinitions.Story19LinkProjectToCategorySteps.managerNotifiedOfConflict(java.lang.String)&amp#27;[0m
]]></system-out>
  </testcase>
  <testcase name="Example #1.1" classname="Examples" time="0.177">
    <system-out><![CDATA[
@stories16to20
Scenario Outline: Link a non-existing category to an existing project (Error Flow)                                                  &amp#27;[90m# features/Story19LinkProjectToCategory.feature:50&amp#27;[0m
  &amp#27;[32mGiven &amp#27;[0m&amp#27;[32mthe server is running&amp#27;[0m                                                                                                       &amp#27;[90m# stepDefinitions.CommonSteps.the_server_is_running()&amp#27;[0m
  &amp#27;[32mAnd &amp#27;[0m&amp#27;[32mprojects with the following details exist&amp#27;[0m                                                                                     &amp#27;[90m# stepDefinitions.Story19LinkProjectToCategorySteps.projectsWithTheFollowingDetailsExist(io.cucumber.datatable.DataTable)&amp#27;[0m
    | title           | completed | description     | active |
    | Research Portal | false     | prototype phase | true   |
    | Data Cleanup    | false     | ETL refactor    | true   |
  &amp#27;[32mAnd &amp#27;[0m&amp#27;[32mproject categories records with the following details exist&amp#27;[0m                                                                   &amp#27;[90m# stepDefinitions.Story19LinkProjectToCategorySteps.categoriesWithTheFollowingDetailsExist(io.cucumber.datatable.DataTable)&amp#27;[0m
    | title       | description            |
    | In Progress | active development     |
    | Backlog     | planned but not active |
    | Completed   | delivered              |
  &amp#27;[32mGiven &amp#27;[0m&amp#27;[32mno category with id &amp#27;[0m&amp#27;[32m&amp#27;[1m"999"&amp#27;[0m&amp#27;[32m exists&amp#27;[0m                                                                                            &amp#27;[90m# stepDefinitions.Story19LinkProjectToCategorySteps.categoryWithIdDoesNotExist(java.lang.String)&amp#27;[0m
  &amp#27;[32mAnd &amp#27;[0m&amp#27;[32ma project with title &amp#27;[0m&amp#27;[32m&amp#27;[1m"Research Portal"&amp#27;[0m&amp#27;[32m exists&amp#27;[0m                                                                                 &amp#27;[90m# stepDefinitions.Story19LinkProjectToCategorySteps.ensureProjectWithTitleExists(java.lang.String)&amp#27;[0m
  &amp#27;[32mWhen &amp#27;[0m&amp#27;[32mthe manager links the category with id &amp#27;[0m&amp#27;[32m&amp#27;[1m"999"&amp#27;[0m&amp#27;[32m to the project with title &amp#27;[0m&amp#27;[32m&amp#27;[1m"Research Portal"&amp#27;[0m                                     &amp#27;[90m# stepDefinitions.Story19LinkProjectToCategorySteps.linkNonExistingCategoryToProject(java.lang.String,java.lang.String)&amp#27;[0m
  &amp#27;[32mThen &amp#27;[0m&amp#27;[32mthe manager is notified of the non-existence error with a message &amp#27;[0m&amp#27;[32m&amp#27;[1m"Could not find thing matching value for id in categories"&amp#27;[0m &amp#27;[90m# stepDefinitions.Story19LinkProjectToCategorySteps.managerNotifiedOfNonExistence(java.lang.String)&amp#27;[0m
]]></system-out>
  </testcase>
  <testcase name="Example #1.1" classname="Examples" time="0.025">
    <system-out><![CDATA[
Scenario Outline: Retrieving a specific todo by ID (Alternate Flow) &amp#27;[90m# features/Story1ViewAllToDos.feature:21&amp#27;[0m
  &amp#27;[32mGiven &amp#27;[0m&amp#27;[32mthe server is running&amp#27;[0m                                       &amp#27;[90m# stepDefinitions.CommonSteps.the_server_is_running()&amp#27;[0m
  &amp#27;[32mAnd &amp#27;[0m&amp#27;[32mat least one todo exists&amp#27;[0m                                      &amp#27;[90m# stepDefinitions.Story1ViewAllToDos.at_least_one_todo_exists()&amp#27;[0m
  &amp#27;[32mWhen &amp#27;[0m&amp#27;[32mthe user retrieves the todo with id &amp#27;[0m&amp#27;[32m&amp#27;[1m1&amp#27;[0m                        &amp#27;[90m# stepDefinitions.Story1ViewAllToDos.the_user_retrieves_the_todo_with_id(java.lang.Integer)&amp#27;[0m
  &amp#27;[32mThen &amp#27;[0m&amp#27;[32mthe response status should be &amp#27;[0m&amp#27;[32m&amp#27;[1m200&amp#27;[0m                            &amp#27;[90m# stepDefinitions.CommonSteps.the_response_status_should_be(int)&amp#27;[0m
  &amp#27;[32mAnd &amp#27;[0m&amp#27;[32mthe response contains the todo with id &amp#27;[0m&amp#27;[32m&amp#27;[1m1&amp#27;[0m                      &amp#27;[90m# stepDefinitions.Story1ViewAllToDos.the_response_contains_todo_with_id(int)&amp#27;[0m
]]></system-out>
  </testcase>
  <testcase name="Example #1.1" classname="Examples" time="0.022">
    <system-out><![CDATA[
Scenario Outline: Retrieving a non-existent todo by ID (Error Flow) &amp#27;[90m# features/Story1ViewAllToDos.feature:30&amp#27;[0m
  &amp#27;[32mGiven &amp#27;[0m&amp#27;[32mthe server is running&amp#27;[0m                                       &amp#27;[90m# stepDefinitions.CommonSteps.the_server_is_running()&amp#27;[0m
  &amp#27;[32mAnd &amp#27;[0m&amp#27;[32mat least one todo exists&amp#27;[0m                                      &amp#27;[90m# stepDefinitions.Story1ViewAllToDos.at_least_one_todo_exists()&amp#27;[0m
  &amp#27;[32mWhen &amp#27;[0m&amp#27;[32mthe user retrieves the todo with id &amp#27;[0m&amp#27;[32m&amp#27;[1m99&amp#27;[0m                       &amp#27;[90m# stepDefinitions.Story1ViewAllToDos.the_user_retrieves_the_todo_with_id(java.lang.Integer)&amp#27;[0m
  &amp#27;[32mThen &amp#27;[0m&amp#27;[32mthe response status should be &amp#27;[0m&amp#27;[32m&amp#27;[1m404&amp#27;[0m                            &amp#27;[90m# stepDefinitions.CommonSteps.the_response_status_should_be(int)&amp#27;[0m
]]></system-out>
  </testcase>
  <testcase name="Example #1.1" classname="Examples" time="0.385">
    <system-out><![CDATA[
@stories16to20
Scenario Outline: List TODOs for a category that has linked TODOs (Normal Flow) &amp#27;[90m# features/Story20GetTodosByCategory.feature:32&amp#27;[0m
  &amp#27;[32mGiven &amp#27;[0m&amp#27;[32mthe server is running&amp#27;[0m                                                   &amp#27;[90m# stepDefinitions.CommonSteps.the_server_is_running()&amp#27;[0m
  &amp#27;[32mAnd &amp#27;[0m&amp#27;[32mcategories with the following details exist in 20&amp#27;[0m                         &amp#27;[90m# stepDefinitions.Story20GetTodosByCategorySteps.categoriesExist(io.cucumber.datatable.DataTable)&amp#27;[0m
    | title         | description          |
    | High Priority | urgent within 48 hrs |
    | Backlog       | planned items        |
    | Reading       | study-related tasks  |
  &amp#27;[32mAnd &amp#27;[0m&amp#27;[32mcategory TODOs with the following details exist&amp#27;[0m                           &amp#27;[90m# stepDefinitions.Story20GetTodosByCategorySteps.todosWithTheFollowingDetailsExist(io.cucumber.datatable.DataTable)&amp#27;[0m
    | title                | doneStatus | description        |
    | Finish lab report    | false      | due Friday         |
    | Prepare presentation | false      | slides + rehearsal |
    | Read chapter 3       | false      | notes for seminar  |
  &amp#27;[32mGiven &amp#27;[0m&amp#27;[32mthe category &amp#27;[0m&amp#27;[32m&amp#27;[1m"High Priority"&amp#27;[0m&amp#27;[32m has the TODO &amp#27;[0m&amp#27;[32m&amp#27;[1m"Finish lab report"&amp#27;[0m&amp#27;[32m linked&amp#27;[0m    &amp#27;[90m# stepDefinitions.Story20GetTodosByCategorySteps.theCategoryHasTheTodoLinked(java.lang.String,java.lang.String)&amp#27;[0m
  &amp#27;[32mAnd &amp#27;[0m&amp#27;[32mthe category &amp#27;[0m&amp#27;[32m&amp#27;[1m"High Priority"&amp#27;[0m&amp#27;[32m has the TODO &amp#27;[0m&amp#27;[32m&amp#27;[1m"Prepare presentation"&amp#27;[0m&amp#27;[32m linked&amp#27;[0m   &amp#27;[90m# stepDefinitions.Story20GetTodosByCategorySteps.theCategoryHasTheTodoLinked(java.lang.String,java.lang.String)&amp#27;[0m
  &amp#27;[32mWhen &amp#27;[0m&amp#27;[32mthe user requests all TODOs for the category &amp#27;[0m&amp#27;[32m&amp#27;[1m"High Priority"&amp#27;[0m             &amp#27;[90m# stepDefinitions.Story20GetTodosByCategorySteps.theUserRequestsAllTodosForTheCategory(java.lang.String)&amp#27;[0m
  &amp#27;[32mThen &amp#27;[0m&amp#27;[32mthe response is successful&amp#27;[0m                                               &amp#27;[90m# stepDefinitions.Story20GetTodosByCategorySteps.theResponseIsSuccessful()&amp#27;[0m
  &amp#27;[32mAnd &amp#27;[0m&amp#27;[32mthe response includes the TODO &amp#27;[0m&amp#27;[32m&amp#27;[1m"Finish lab report"&amp#27;[0m                        &amp#27;[90m# stepDefinitions.Story20GetTodosByCategorySteps.theResponseIncludesTheTodo(java.lang.String)&amp#27;[0m
  &amp#27;[32mAnd &amp#27;[0m&amp#27;[32mthe response includes the TODO &amp#27;[0m&amp#27;[32m&amp#27;[1m"Prepare presentation"&amp#27;[0m                     &amp#27;[90m# stepDefinitions.Story20GetTodosByCategorySteps.theResponseIncludesTheTodo(java.lang.String)&amp#27;[0m
]]></system-out>
  </testcase>
  <testcase name="Example #1.1" classname="Examples" time="0.119">
    <system-out><![CDATA[
@stories16to20
Scenario Outline: Request TODOs for a non-existent category (Error Flow)                                                 &amp#27;[90m# features/Story20GetTodosByCategory.feature:49&amp#27;[0m
  &amp#27;[32mGiven &amp#27;[0m&amp#27;[32mthe server is running&amp#27;[0m                                                                                            &amp#27;[90m# stepDefinitions.CommonSteps.the_server_is_running()&amp#27;[0m
  &amp#27;[32mAnd &amp#27;[0m&amp#27;[32mcategories with the following details exist in 20&amp#27;[0m                                                                  &amp#27;[90m# stepDefinitions.Story20GetTodosByCategorySteps.categoriesExist(io.cucumber.datatable.DataTable)&amp#27;[0m
    | title         | description          |
    | High Priority | urgent within 48 hrs |
    | Backlog       | planned items        |
    | Reading       | study-related tasks  |
  &amp#27;[32mAnd &amp#27;[0m&amp#27;[32mcategory TODOs with the following details exist&amp#27;[0m                                                                    &amp#27;[90m# stepDefinitions.Story20GetTodosByCategorySteps.todosWithTheFollowingDetailsExist(io.cucumber.datatable.DataTable)&amp#27;[0m
    | title                | doneStatus | description        |
    | Finish lab report    | false      | due Friday         |
    | Prepare presentation | false      | slides + rehearsal |
    | Read chapter 3       | false      | notes for seminar  |
  &amp#27;[32mGiven &amp#27;[0m&amp#27;[32mthat there is no category with &amp#27;[0m&amp#27;[32m&amp#27;[1m"999"&amp#27;[0m                                                                             &amp#27;[90m# stepDefinitions.Story20GetTodosByCategorySteps.thatThereIsNoCategoryWith(java.lang.String)&amp#27;[0m
  &amp#27;[32mWhen &amp#27;[0m&amp#27;[32mthe user requests all TODOs for the category id &amp#27;[0m&amp#27;[32m&amp#27;[1m"999"&amp#27;[0m                                                             &amp#27;[90m# stepDefinitions.Story20GetTodosByCategorySteps.theUserRequestsAllTodosForTheCategoryId(java.lang.String)&amp#27;[0m
[Warning] Thingifier returned todos for non-existent category. Accepting for test stability.
  &amp#27;[32mThen &amp#27;[0m&amp#27;[32mthe response indicates not found with message &amp#27;[0m&amp#27;[32m&amp#27;[1m"Could not find parent thing for relationship categories/999/todos"&amp#27;[0m &amp#27;[90m# stepDefinitions.Story20GetTodosByCategorySteps.theResponseIndicatesNotFoundWithMessage(java.lang.String)&amp#27;[0m
]]></system-out>
  </testcase>
  <testcase name="Example #1.1" classname="Examples" time="0.025">
    <system-out><![CDATA[
Scenario Outline: Adding a valid new todo (Normal Flow)                                            &amp#27;[90m# features/Story2AddNewToDo.feature:16&amp#27;[0m
  &amp#27;[32mGiven &amp#27;[0m&amp#27;[32mthe server is running&amp#27;[0m                                                                      &amp#27;[90m# stepDefinitions.CommonSteps.the_server_is_running()&amp#27;[0m
  &amp#27;[32mWhen &amp#27;[0m&amp#27;[32mthe user creates a new todo with title &amp#27;[0m&amp#27;[32m&amp#27;[1m"Plan trip"&amp#27;[0m&amp#27;[32m and description &amp#27;[0m&amp#27;[32m&amp#27;[1m"Book flights and hotel"&amp#27;[0m &amp#27;[90m# stepDefinitions.Story2AddANewToDo.the_user_creates_todo_with_title_and_description(java.lang.String,java.lang.String)&amp#27;[0m
  &amp#27;[32mThen &amp#27;[0m&amp#27;[32mthe response status should be &amp#27;[0m&amp#27;[32m&amp#27;[1m201&amp#27;[0m                                                           &amp#27;[90m# stepDefinitions.CommonSteps.the_response_status_should_be(int)&amp#27;[0m
  &amp#27;[32mAnd &amp#27;[0m&amp#27;[32mthe response contains a generated id&amp#27;[0m                                                         &amp#27;[90m# stepDefinitions.Story2AddANewToDo.the_response_contains_generated_id()&amp#27;[0m
  &amp#27;[32mAnd &amp#27;[0m&amp#27;[32mthe todo with title &amp#27;[0m&amp#27;[32m&amp#27;[1m"Plan trip"&amp#27;[0m&amp#27;[32m exists&amp#27;[0m                                                       &amp#27;[90m# stepDefinitions.Story2AddANewToDo.the_todo_with_title_exists(java.lang.String)&amp#27;[0m
]]></system-out>
  </testcase>
  <testcase name="Example #1.1" classname="Examples" time="0.016">
    <system-out><![CDATA[
Scenario Outline: Adding a todo with duplicate title (Alternate Flow)                &amp#27;[90m# features/Story2AddNewToDo.feature:31&amp#27;[0m
  &amp#27;[32mGiven &amp#27;[0m&amp#27;[32mthe server is running&amp#27;[0m                                                        &amp#27;[90m# stepDefinitions.CommonSteps.the_server_is_running()&amp#27;[0m
  &amp#27;[32mWhen &amp#27;[0m&amp#27;[32mthe user creates a new todo with title &amp#27;[0m&amp#27;[32m&amp#27;[1m"Buy groceries"&amp#27;[0m&amp#27;[32m and description &amp#27;[0m&amp#27;[32m&amp#27;[1m"Food"&amp#27;[0m &amp#27;[90m# stepDefinitions.Story2AddANewToDo.the_user_creates_todo_with_title_and_description(java.lang.String,java.lang.String)&amp#27;[0m
  &amp#27;[32mThen &amp#27;[0m&amp#27;[32mthe response status should be &amp#27;[0m&amp#27;[32m&amp#27;[1m201&amp#27;[0m                                             &amp#27;[90m# stepDefinitions.CommonSteps.the_response_status_should_be(int)&amp#27;[0m
  &amp#27;[32mAnd &amp#27;[0m&amp#27;[32mthe response contains a generated id&amp#27;[0m                                           &amp#27;[90m# stepDefinitions.Story2AddANewToDo.the_response_contains_generated_id()&amp#27;[0m
]]></system-out>
  </testcase>
  <testcase name="Example #1.1" classname="Examples" time="0.073">
    <error message="The step &apos;a user creates a new project with &quot;ECSE 223&quot;, &quot;false&quot;, &quot;Software Engineering&quot;, and &quot;true&quot;&apos; and 2 other step(s) are undefined.&#10;You can implement these steps using the snippet(s) below:&#10;&#10;@When(&quot;a user creates a new project with {string}, {string}, {string}, and {string}&quot;)&#10;public void a_user_creates_a_new_project_with_and(String string, String string2, String string3, String string4) {&#10;    // Write code here that turns the phrase above into concrete actions&#10;    throw new io.cucumber.java.PendingException();&#10;}&#10;@Then(&quot;the project is created successfully with {string}, {string}, {string}, and {string}&quot;)&#10;public void the_project_is_created_successfully_with_and(String string, String string2, String string3, String string4) {&#10;    // Write code here that turns the phrase above into concrete actions&#10;    throw new io.cucumber.java.PendingException();&#10;}&#10;@Then(&quot;the user is notified of the successful creation&quot;)&#10;public void the_user_is_notified_of_the_successful_creation() {&#10;    // Write code here that turns the phrase above into concrete actions&#10;    throw new io.cucumber.java.PendingException();&#10;}&#10;" type="io.cucumber.junit.platform.engine.UndefinedStepException"><![CDATA[io.cucumber.junit.platform.engine.UndefinedStepException: 
The step 'a user creates a new project with "ECSE 223", "false", "Software Engineering", and "true"' and 2 other step(s) are undefined.
You can implement these steps using the snippet(s) below:

@When("a user creates a new project with {string}, {string}, {string}, and {string}")
public void a_user_creates_a_new_project_with_and(String string, String string2, String string3, String string4) {
    // Write code here that turns the phrase above into concrete actions
    throw new io.cucumber.java.PendingException();
}
@Then("the project is created successfully with {string}, {string}, {string}, and {string}")
public void the_project_is_created_successfully_with_and(String string, String string2, String string3, String string4) {
    // Write code here that turns the phrase above into concrete actions
    throw new io.cucumber.java.PendingException();
}
@Then("the user is notified of the successful creation")
public void the_user_is_notified_of_the_successful_creation() {
    // Write code here that turns the phrase above into concrete actions
    throw new io.cucumber.java.PendingException();
}

	at io.cucumber.core.runtime.TestCaseResultObserver.assertTestCasePassed(TestCaseResultObserver.java:69)
	at io.cucumber.junit.platform.engine.TestCaseResultObserver.assertTestCasePassed(TestCaseResultObserver.java:22)
	at io.cucumber.junit.platform.engine.CucumberEngineExecutionContext.lambda$runTestCase$4(CucumberEngineExecutionContext.java:114)
	at io.cucumber.core.runtime.CucumberExecutionContext.lambda$runTestCase$5(CucumberExecutionContext.java:137)
	at io.cucumber.core.runtime.RethrowingThrowableCollector.executeAndThrow(RethrowingThrowableCollector.java:23)
	at io.cucumber.core.runtime.CucumberExecutionContext.runTestCase(CucumberExecutionContext.java:137)
	at io.cucumber.junit.platform.engine.CucumberEngineExecutionContext.runTestCase(CucumberEngineExecutionContext.java:109)
	at io.cucumber.junit.platform.engine.NodeDescriptor$PickleDescriptor.execute(NodeDescriptor.java:168)
	at io.cucumber.junit.platform.engine.NodeDescriptor$PickleDescriptor.execute(NodeDescriptor.java:90)
	at java.base/java.util.ArrayList.forEach(ArrayList.java:1511)
	at java.base/java.util.ArrayList.forEach(ArrayList.java:1511)
	at java.base/java.util.ArrayList.forEach(ArrayList.java:1511)
	at java.base/java.util.ArrayList.forEach(ArrayList.java:1511)
]]></error>
    <system-out><![CDATA[
Scenario Outline: Create a study project (Normal Flow)                                                  &amp#27;[90m# features/Story6CreateStudyPlanProject.feature:15&amp#27;[0m
  &amp#27;[32mGiven &amp#27;[0m&amp#27;[32mthe server is running&amp#27;[0m                                                                           &amp#27;[90m# stepDefinitions.CommonSteps.the_server_is_running()&amp#27;[0m
  &amp#27;[33mWhen &amp#27;[0m&amp#27;[33ma user creates a new project with "ECSE 223", "false", "Software Engineering", and "true"&amp#27;[0m
  &amp#27;[36mThen &amp#27;[0m&amp#27;[36mthe project is created successfully with "ECSE 223", "false", "Software Engineering", and "true"&amp#27;[0m
  &amp#27;[36mAnd &amp#27;[0m&amp#27;[36mthe user is notified of the successful creation&amp#27;[0m
]]></system-out>
  </testcase>
  <testcase name="Example #1.1" classname="Examples" time="0.014">
    <error message="The step &apos;a user creates a new project with &quot;false&quot;, &quot;Software Engineering&quot;, and &quot;true&quot;&apos; and 2 other step(s) are undefined.&#10;You can implement these steps using the snippet(s) below:&#10;&#10;@When(&quot;a user creates a new project with {string}, {string}, and {string}&quot;)&#10;public void a_user_creates_a_new_project_with_and(String string, String string2, String string3) {&#10;    // Write code here that turns the phrase above into concrete actions&#10;    throw new io.cucumber.java.PendingException();&#10;}&#10;@Then(&quot;the project list is created with {string}, {string}, and {string}&quot;)&#10;public void the_project_list_is_created_with_and(String string, String string2, String string3) {&#10;    // Write code here that turns the phrase above into concrete actions&#10;    throw new io.cucumber.java.PendingException();&#10;}&#10;@Then(&quot;the user is notified that the title field is required&quot;)&#10;public void the_user_is_notified_that_the_title_field_is_required() {&#10;    // Write code here that turns the phrase above into concrete actions&#10;    throw new io.cucumber.java.PendingException();&#10;}&#10;" type="io.cucumber.junit.platform.engine.UndefinedStepException"><![CDATA[io.cucumber.junit.platform.engine.UndefinedStepException: 
The step 'a user creates a new project with "false", "Software Engineering", and "true"' and 2 other step(s) are undefined.
You can implement these steps using the snippet(s) below:

@When("a user creates a new project with {string}, {string}, and {string}")
public void a_user_creates_a_new_project_with_and(String string, String string2, String string3) {
    // Write code here that turns the phrase above into concrete actions
    throw new io.cucumber.java.PendingException();
}
@Then("the project list is created with {string}, {string}, and {string}")
public void the_project_list_is_created_with_and(String string, String string2, String string3) {
    // Write code here that turns the phrase above into concrete actions
    throw new io.cucumber.java.PendingException();
}
@Then("the user is notified that the title field is required")
public void the_user_is_notified_that_the_title_field_is_required() {
    // Write code here that turns the phrase above into concrete actions
    throw new io.cucumber.java.PendingException();
}

	at io.cucumber.core.runtime.TestCaseResultObserver.assertTestCasePassed(TestCaseResultObserver.java:69)
	at io.cucumber.junit.platform.engine.TestCaseResultObserver.assertTestCasePassed(TestCaseResultObserver.java:22)
	at io.cucumber.junit.platform.engine.CucumberEngineExecutionContext.lambda$runTestCase$4(CucumberEngineExecutionContext.java:114)
	at io.cucumber.core.runtime.CucumberExecutionContext.lambda$runTestCase$5(CucumberExecutionContext.java:137)
	at io.cucumber.core.runtime.RethrowingThrowableCollector.executeAndThrow(RethrowingThrowableCollector.java:23)
	at io.cucumber.core.runtime.CucumberExecutionContext.runTestCase(CucumberExecutionContext.java:137)
	at io.cucumber.junit.platform.engine.CucumberEngineExecutionContext.runTestCase(CucumberEngineExecutionContext.java:109)
	at io.cucumber.junit.platform.engine.NodeDescriptor$PickleDescriptor.execute(NodeDescriptor.java:168)
	at io.cucumber.junit.platform.engine.NodeDescriptor$PickleDescriptor.execute(NodeDescriptor.java:90)
	at java.base/java.util.ArrayList.forEach(ArrayList.java:1511)
	at java.base/java.util.ArrayList.forEach(ArrayList.java:1511)
	at java.base/java.util.ArrayList.forEach(ArrayList.java:1511)
	at java.base/java.util.ArrayList.forEach(ArrayList.java:1511)
]]></error>
    <system-out><![CDATA[
Scenario Outline: Create a study project without a title (Alternate Flow)            &amp#27;[90m# features/Story6CreateStudyPlanProject.feature:25&amp#27;[0m
  &amp#27;[32mGiven &amp#27;[0m&amp#27;[32mthe server is running&amp#27;[0m                                                        &amp#27;[90m# stepDefinitions.CommonSteps.the_server_is_running()&amp#27;[0m
  &amp#27;[33mWhen &amp#27;[0m&amp#27;[33ma user creates a new project with "false", "Software Engineering", and "true"&amp#27;[0m
  &amp#27;[36mThen &amp#27;[0m&amp#27;[36mthe project list is created with "false", "Software Engineering", and "true"&amp#27;[0m
  &amp#27;[36mAnd &amp#27;[0m&amp#27;[36mthe user is notified that the title field is required&amp#27;[0m
]]></system-out>
  </testcase>
  <testcase name="Example #1.1" classname="Examples" time="0.008">
    <error message="The step &apos;a user creates a new project with &quot;ECSE 223&quot;, &quot;false&quot;, &quot;Software Engineering&quot;, and wrong &quot;yes&quot;&apos; and 1 other step(s) are undefined.&#10;You can implement these steps using the snippet(s) below:&#10;&#10;@When(&quot;a user creates a new project with {string}, {string}, {string}, and wrong {string}&quot;)&#10;public void a_user_creates_a_new_project_with_and_wrong(String string, String string2, String string3, String string4) {&#10;    // Write code here that turns the phrase above into concrete actions&#10;    throw new io.cucumber.java.PendingException();&#10;}&#10;@Then(&quot;the user is notified of the failed validation with a message {string}&quot;)&#10;public void the_user_is_notified_of_the_failed_validation_with_a_message(String string) {&#10;    // Write code here that turns the phrase above into concrete actions&#10;    throw new io.cucumber.java.PendingException();&#10;}&#10;" type="io.cucumber.junit.platform.engine.UndefinedStepException"><![CDATA[io.cucumber.junit.platform.engine.UndefinedStepException: 
The step 'a user creates a new project with "ECSE 223", "false", "Software Engineering", and wrong "yes"' and 1 other step(s) are undefined.
You can implement these steps using the snippet(s) below:

@When("a user creates a new project with {string}, {string}, {string}, and wrong {string}")
public void a_user_creates_a_new_project_with_and_wrong(String string, String string2, String string3, String string4) {
    // Write code here that turns the phrase above into concrete actions
    throw new io.cucumber.java.PendingException();
}
@Then("the user is notified of the failed validation with a message {string}")
public void the_user_is_notified_of_the_failed_validation_with_a_message(String string) {
    // Write code here that turns the phrase above into concrete actions
    throw new io.cucumber.java.PendingException();
}

	at io.cucumber.core.runtime.TestCaseResultObserver.assertTestCasePassed(TestCaseResultObserver.java:69)
	at io.cucumber.junit.platform.engine.TestCaseResultObserver.assertTestCasePassed(TestCaseResultObserver.java:22)
	at io.cucumber.junit.platform.engine.CucumberEngineExecutionContext.lambda$runTestCase$4(CucumberEngineExecutionContext.java:114)
	at io.cucumber.core.runtime.CucumberExecutionContext.lambda$runTestCase$5(CucumberExecutionContext.java:137)
	at io.cucumber.core.runtime.RethrowingThrowableCollector.executeAndThrow(RethrowingThrowableCollector.java:23)
	at io.cucumber.core.runtime.CucumberExecutionContext.runTestCase(CucumberExecutionContext.java:137)
	at io.cucumber.junit.platform.engine.CucumberEngineExecutionContext.runTestCase(CucumberEngineExecutionContext.java:109)
	at io.cucumber.junit.platform.engine.NodeDescriptor$PickleDescriptor.execute(NodeDescriptor.java:168)
	at io.cucumber.junit.platform.engine.NodeDescriptor$PickleDescriptor.execute(NodeDescriptor.java:90)
	at java.base/java.util.ArrayList.forEach(ArrayList.java:1511)
	at java.base/java.util.ArrayList.forEach(ArrayList.java:1511)
	at java.base/java.util.ArrayList.forEach(ArrayList.java:1511)
	at java.base/java.util.ArrayList.forEach(ArrayList.java:1511)
]]></error>
    <system-out><![CDATA[
Scenario Outline: Create a study project with invalid input type for active status (Error Flow)                   &amp#27;[90m# features/Story6CreateStudyPlanProject.feature:34&amp#27;[0m
  &amp#27;[32mGiven &amp#27;[0m&amp#27;[32mthe server is running&amp#27;[0m                                                                                     &amp#27;[90m# stepDefinitions.CommonSteps.the_server_is_running()&amp#27;[0m
  &amp#27;[33mWhen &amp#27;[0m&amp#27;[33ma user creates a new project with "ECSE 223", "false", "Software Engineering", and wrong "yes"&amp#27;[0m
  &amp#27;[36mThen &amp#27;[0m&amp#27;[36mthe user is notified of the failed validation with a message "Failed Validation: active should be BOOLEAN"&amp#27;[0m
]]></system-out>
  </testcase>
  <testcase name="Example #1.1" classname="Examples" time="0.014">
    <error message="The step &apos;the following projects exist&apos; and 4 other step(s) are undefined.&#10;You can implement these steps using the snippet(s) below:&#10;&#10;@Given(&quot;the following projects exist&quot;)&#10;public void the_following_projects_exist(io.cucumber.datatable.DataTable dataTable) {&#10;    // Write code here that turns the phrase above into concrete actions&#10;    // For automatic transformation, change DataTable to one of&#10;    // E, List&lt;E&gt;, List&lt;List&lt;E&gt;&gt;, List&lt;Map&lt;K,V&gt;&gt;, Map&lt;K,V&gt; or&#10;    // Map&lt;K, List&lt;V&gt;&gt;. E,K,V must be a String, Integer, Float,&#10;    // Double, Byte, Short, Long, BigInteger or BigDecimal.&#10;    //&#10;    // For other transformations you can register a DataTableType.&#10;    throw new io.cucumber.java.PendingException();&#10;}&#10;@Given(&quot;a user has a project with id {int}&quot;)&#10;public void a_user_has_a_project_with_id(Integer int1) {&#10;    // Write code here that turns the phrase above into concrete actions&#10;    throw new io.cucumber.java.PendingException();&#10;}&#10;@When(&quot;the user updates the project to have {string}, {string}, {string}, and {string}&quot;)&#10;public void the_user_updates_the_project_to_have_and(String string, String string2, String string3, String string4) {&#10;    // Write code here that turns the phrase above into concrete actions&#10;    throw new io.cucumber.java.PendingException();&#10;}&#10;@Then(&quot;the project with id {int} is updated with the new details&quot;)&#10;public void the_project_with_id_is_updated_with_the_new_details(Integer int1) {&#10;    // Write code here that turns the phrase above into concrete actions&#10;    throw new io.cucumber.java.PendingException();&#10;}&#10;@Then(&quot;the user is notified of the completion of the update operation&quot;)&#10;public void the_user_is_notified_of_the_completion_of_the_update_operation() {&#10;    // Write code here that turns the phrase above into concrete actions&#10;    throw new io.cucumber.java.PendingException();&#10;}&#10;" type="io.cucumber.junit.platform.engine.UndefinedStepException"><![CDATA[io.cucumber.junit.platform.engine.UndefinedStepException: 
The step 'the following projects exist' and 4 other step(s) are undefined.
You can implement these steps using the snippet(s) below:

@Given("the following projects exist")
public void the_following_projects_exist(io.cucumber.datatable.DataTable dataTable) {
    // Write code here that turns the phrase above into concrete actions
    // For automatic transformation, change DataTable to one of
    // E, List<E>, List<List<E>>, List<Map<K,V>>, Map<K,V> or
    // Map<K, List<V>>. E,K,V must be a String, Integer, Float,
    // Double, Byte, Short, Long, BigInteger or BigDecimal.
    //
    // For other transformations you can register a DataTableType.
    throw new io.cucumber.java.PendingException();
}
[...]
✅ Created category for linking test: University (ID: 151)
  &amp#27;[32mAnd &amp#27;[0m&amp#27;[32ma category with id &amp#27;[0m&amp#27;[32m&amp#27;[1m3&amp#27;[0m&amp#27;[32m and title &amp#27;[0m&amp#27;[32m&amp#27;[1m"University"&amp#27;[0m&amp#27;[32m exists&amp#27;[0m                                                         &amp#27;[90m# stepDefinitions.Story15LinkTodoProjectCategorySteps.categoryWithIdAndTitleExists(int,java.lang.String)&amp#27;[0m
✅ Created TODOs for linking test: {Complete Assignment=133}
  &amp#27;[32mAnd &amp#27;[0m&amp#27;[32mTODOs with the following details exist&amp#27;[0m                                                                     &amp#27;[90m# stepDefinitions.Story15LinkTodoProjectCategorySteps.todosExist(io.cucumber.datatable.DataTable)&amp#27;[0m
    | id | title                 | doneStatus | description   |
    | 10 | "Complete Assignment" | false      | "CS homework" |
✅ Created Projects for linking test: {Capstone Demo=21}
  &amp#27;[32mAnd &amp#27;[0m&amp#27;[32mProjects with the following details exist&amp#27;[0m                                                                  &amp#27;[90m# stepDefinitions.Story15LinkTodoProjectCategorySteps.projectsExist(io.cucumber.datatable.DataTable)&amp#27;[0m
    | id | title           | description      |
    | 20 | "Capstone Demo" | "Prepare slides" |
  &amp#27;[32mWhen &amp#27;[0m&amp#27;[32mthe user links TODO with id &amp#27;[0m&amp#27;[32m&amp#27;[1m10&amp#27;[0m&amp#27;[32m to category with id &amp#27;[0m&amp#27;[32m&amp#27;[1m999&amp#27;[0m&amp#27;[32m that does not exist&amp#27;[0m                                &amp#27;[90m# stepDefinitions.Story15LinkTodoProjectCategorySteps.userLinksTodoToNonexistentCategory(int,int)&amp#27;[0m
  &amp#27;[32mThen &amp#27;[0m&amp#27;[32mthe link server responds with status &amp#27;[0m&amp#27;[32m&amp#27;[1m404&amp#27;[0m                                                                  &amp#27;[90m# stepDefinitions.Story15LinkTodoProjectCategorySteps.linkServerRespondsWithStatus(int)&amp#27;[0m
🔍 Link response body: {"errorMessages":["Could not find parent thing for relationship categories/999/todos"]}
  &amp#27;[32mAnd &amp#27;[0m&amp#27;[32mthe user is notified with link message &amp#27;[0m&amp#27;[32m&amp#27;[1m"Could not find parent thing for relationship categories/999/todos"&amp#27;[0m &amp#27;[90m# stepDefinitions.Story15LinkTodoProjectCategorySteps.userIsNotifiedWithLinkMessage(java.lang.String)&amp#27;[0m
🧹 Deleted test TODO ID: 133
🧹 Deleted test Project ID: 21
🧹 Deleted test Category ID: 151
]]></system-out>
  </testcase>
  <testcase name="Retrieving all existing todos (Normal Flow)" classname="View All Todos" time="0.027">
    <system-out><![CDATA[
Scenario: Retrieving all existing todos (Normal Flow) &amp#27;[90m# features/Story1ViewAllToDos.feature:9&amp#27;[0m
  &amp#27;[32mGiven &amp#27;[0m&amp#27;[32mthe server is running&amp#27;[0m                         &amp#27;[90m# stepDefinitions.CommonSteps.the_server_is_running()&amp#27;[0m
  &amp#27;[32mAnd &amp#27;[0m&amp#27;[32mat least one todo exists&amp#27;[0m                        &amp#27;[90m# stepDefinitions.Story1ViewAllToDos.at_least_one_todo_exists()&amp#27;[0m
  &amp#27;[32mWhen &amp#27;[0m&amp#27;[32mthe user retrieves all todos&amp#27;[0m                   &amp#27;[90m# stepDefinitions.Story1ViewAllToDos.the_user_retrieves_all_todos()&amp#27;[0m
  &amp#27;[32mThen &amp#27;[0m&amp#27;[32mthe response status should be &amp#27;[0m&amp#27;[32m&amp#27;[1m200&amp#27;[0m              &amp#27;[90m# stepDefinitions.CommonSteps.the_response_status_should_be(int)&amp#27;[0m
  &amp#27;[32mAnd &amp#27;[0m&amp#27;[32mthe response contains a list of todos&amp#27;[0m           &amp#27;[90m# stepDefinitions.Story1ViewAllToDos.the_response_contains_list_of_todos()&amp#27;[0m
]]></system-out>
  </testcase>
  <testcase name="List TODOs for a category that currently has no TODOs (Alternate Flow)" classname="Story 20 – Retrieve all TODOs for a given Category" time="0.181">
    <system-out><![CDATA[
@stories16to20
Scenario: List TODOs for a category that currently has no TODOs (Alternate Flow) &amp#27;[90m# features/Story20GetTodosByCategory.feature:35&amp#27;[0m
  &amp#27;[32mGiven &amp#27;[0m&amp#27;[32mthe server is running&amp#27;[0m                                                    &amp#27;[90m# stepDefinitions.CommonSteps.the_server_is_running()&amp#27;[0m
  &amp#27;[32mAnd &amp#27;[0m&amp#27;[32mcategories with the following details exist in 20&amp#27;[0m                          &amp#27;[90m# stepDefinitions.Story20GetTodosByCategorySteps.categoriesExist(io.cucumber.datatable.DataTable)&amp#27;[0m
    | title         | description          |
    | High Priority | urgent within 48 hrs |
    | Backlog       | planned items        |
    | Reading       | study-related tasks  |
  &amp#27;[32mAnd &amp#27;[0m&amp#27;[32mcategory TODOs with the following details exist&amp#27;[0m                            &amp#27;[90m# stepDefinitions.Story20GetTodosByCategorySteps.todosWithTheFollowingDetailsExist(io.cucumber.datatable.DataTable)&amp#27;[0m
    | title                | doneStatus | description        |
    | Finish lab report    | false      | due Friday         |
    | Prepare presentation | false      | slides + rehearsal |
    | Read chapter 3       | false      | notes for seminar  |
  &amp#27;[32mGiven &amp#27;[0m&amp#27;[32mthe category &amp#27;[0m&amp#27;[32m&amp#27;[1m"Backlog"&amp#27;[0m&amp#27;[32m exists and has no linked TODOs&amp#27;[0m                    &amp#27;[90m# stepDefinitions.Story20GetTodosByCategorySteps.theCategoryExistsAndHasNoLinkedTodos(java.lang.String)&amp#27;[0m
  &amp#27;[32mWhen &amp#27;[0m&amp#27;[32mthe user requests all TODOs for the category &amp#27;[0m&amp#27;[32m&amp#27;[1m"Backlog"&amp#27;[0m                    &amp#27;[90m# stepDefinitions.Story20GetTodosByCategorySteps.theUserRequestsAllTodosForTheCategory(java.lang.String)&amp#27;[0m
  &amp#27;[32mThen &amp#27;[0m&amp#27;[32mthe response is successful&amp#27;[0m                                                &amp#27;[90m# stepDefinitions.Story20GetTodosByCategorySteps.theResponseIsSuccessful()&amp#27;[0m
  &amp#27;[32mAnd &amp#27;[0m&amp#27;[32mthe response contains no TODOs&amp#27;[0m                                             &amp#27;[90m# stepDefinitions.Story20GetTodosByCategorySteps.theResponseContainsNoTodos()&amp#27;[0m
]]></system-out>
  </testcase>
  <testcase name="Adding a todo without a title (Error Flow)" classname="Add a New Todo" time="0.015">
    <system-out><![CDATA[
Scenario: Adding a todo without a title (Error Flow)                       &amp#27;[90m# features/Story2AddNewToDo.feature:19&amp#27;[0m
  &amp#27;[32mGiven &amp#27;[0m&amp#27;[32mthe server is running&amp#27;[0m                                              &amp#27;[90m# stepDefinitions.CommonSteps.the_server_is_running()&amp#27;[0m
  &amp#27;[32mWhen &amp#27;[0m&amp#27;[32mthe user creates a todo with empty title and description &amp#27;[0m&amp#27;[32m&amp#27;[1m"No title"&amp#27;[0m &amp#27;[90m# stepDefinitions.Story2AddANewToDo.the_user_creates_todo_with_empty_title(java.lang.String)&amp#27;[0m
  &amp#27;[32mThen &amp#27;[0m&amp#27;[32mthe response status should be &amp#27;[0m&amp#27;[32m&amp#27;[1m400&amp#27;[0m                                   &amp#27;[90m# stepDefinitions.CommonSteps.the_response_status_should_be(int)&amp#27;[0m
  &amp#27;[32mAnd &amp#27;[0m&amp#27;[32mthe response contains error message with keyword &amp#27;[0m&amp#27;[32m&amp#27;[1m"title"&amp#27;[0m             &amp#27;[90m# stepDefinitions.Story2AddANewToDo.the_response_contains_error_with_keyword(java.lang.String)&amp#27;[0m
]]></system-out>
  </testcase>
  <testcase name="Updating a todo&apos;s title and description (Normal Flow)" classname="Update an Existing Todo" time="0.033">
    <system-out><![CDATA[
Scenario: Updating a todo's title and description (Normal Flow)                                                        &amp#27;[90m# features/Story3UpdateToDo.feature:9&amp#27;[0m
  &amp#27;[32mGiven &amp#27;[0m&amp#27;[32mthe server is running&amp#27;[0m                                                                                          &amp#27;[90m# stepDefinitions.CommonSteps.the_server_is_running()&amp#27;[0m
  &amp#27;[32mAnd &amp#27;[0m&amp#27;[32mat least one todo exists&amp#27;[0m                                                                                         &amp#27;[90m# stepDefinitions.Story1ViewAllToDos.at_least_one_todo_exists()&amp#27;[0m
  &amp#27;[32mWhen &amp#27;[0m&amp#27;[32mthe user updates todo with id &amp#27;[0m&amp#27;[32m&amp#27;[1m1&amp#27;[0m&amp#27;[32m to have title &amp#27;[0m&amp#27;[32m&amp#27;[1m"Buy groceries and snacks"&amp#27;[0m&amp#27;[32m and description &amp#27;[0m&amp#27;[32m&amp#27;[1m"Buy fruits and chips"&amp#27;[0m &amp#27;[90m# stepDefinitions.Story3UpdateTodo.the_user_updates_todo_with_title_and_description(int,java.lang.String,java.lang.String)&amp#27;[0m
  &amp#27;[32mThen &amp#27;[0m&amp#27;[32mthe response status should be &amp#27;[0m&amp#27;[32m&amp#27;[1m200&amp#27;[0m                                                                               &amp#27;[90m# stepDefinitions.CommonSteps.the_response_status_should_be(int)&amp#27;[0m
  &amp#27;[32mAnd &amp#27;[0m&amp#27;[32mthe todo with id &amp#27;[0m&amp#27;[32m&amp#27;[1m1&amp#27;[0m&amp#27;[32m has title &amp#27;[0m&amp#27;[32m&amp#27;[1m"Buy groceries and snacks"&amp#27;[0m                                                          &amp#27;[90m# stepDefinitions.Story3UpdateTodo.the_todo_with_id_has_title(int,java.lang.String)&amp#27;[0m
]]></system-out>
  </testcase>
  <testcase name="Updating only the description (Alternate Flow)" classname="Update an Existing Todo" time="0.032">
    <system-out><![CDATA[
Scenario: Updating only the description (Alternate Flow)                                           &amp#27;[90m# features/Story3UpdateToDo.feature:14&amp#27;[0m
  &amp#27;[32mGiven &amp#27;[0m&amp#27;[32mthe server is running&amp#27;[0m                                                                      &amp#27;[90m# stepDefinitions.CommonSteps.the_server_is_running()&amp#27;[0m
  &amp#27;[32mAnd &amp#27;[0m&amp#27;[32mat least one todo exists&amp#27;[0m                                                                     &amp#27;[90m# stepDefinitions.Story1ViewAllToDos.at_least_one_todo_exists()&amp#27;[0m
  &amp#27;[32mWhen &amp#27;[0m&amp#27;[32mthe user updates todo with id &amp#27;[0m&amp#27;[32m&amp#27;[1m1&amp#27;[0m&amp#27;[32m to have title &amp#27;[0m&amp#27;[32m&amp#27;[1m"Buy groceries"&amp#27;[0m&amp#27;[32m and description &amp#27;[0m&amp#27;[32m&amp#27;[1m"Only fruits"&amp#27;[0m &amp#27;[90m# stepDefinitions.Story3UpdateTodo.the_user_updates_todo_with_title_and_description(int,java.lang.String,java.lang.String)&amp#27;[0m
  &amp#27;[32mThen &amp#27;[0m&amp#27;[32mthe response status should be &amp#27;[0m&amp#27;[32m&amp#27;[1m200&amp#27;[0m                                                           &amp#27;[90m# stepDefinitions.CommonSteps.the_response_status_should_be(int)&amp#27;[0m
  &amp#27;[32mAnd &amp#27;[0m&amp#27;[32mthe todo with id &amp#27;[0m&amp#27;[32m&amp#27;[1m1&amp#27;[0m&amp#27;[32m has title &amp#27;[0m&amp#27;[32m&amp#27;[1m"Buy groceries"&amp#27;[0m                                                 &amp#27;[90m# stepDefinitions.Story3UpdateTodo.the_todo_with_id_has_title(int,java.lang.String)&amp#27;[0m
]]></system-out>
  </testcase>
  <testcase name="Updating a non-existent todo (Error Flow)" classname="Update an Existing Todo" time="0.028">
    <system-out><![CDATA[
Scenario: Updating a non-existent todo (Error Flow)                                                 &amp#27;[90m# features/Story3UpdateToDo.feature:19&amp#27;[0m
  &amp#27;[32mGiven &amp#27;[0m&amp#27;[32mthe server is running&amp#27;[0m                                                                       &amp#27;[90m# stepDefinitions.CommonSteps.the_server_is_running()&amp#27;[0m
  &amp#27;[32mAnd &amp#27;[0m&amp#27;[32mat least one todo exists&amp#27;[0m                                                                      &amp#27;[90m# stepDefinitions.Story1ViewAllToDos.at_least_one_todo_exists()&amp#27;[0m
  &amp#27;[32mWhen &amp#27;[0m&amp#27;[32mthe user updates todo with id &amp#27;[0m&amp#27;[32m&amp#27;[1m99&amp#27;[0m&amp#27;[32m to have title &amp#27;[0m&amp#27;[32m&amp#27;[1m"Ghost Todo"&amp#27;[0m&amp#27;[32m and description &amp#27;[0m&amp#27;[32m&amp#27;[1m"Does not exist"&amp#27;[0m &amp#27;[90m# stepDefinitions.Story3UpdateTodo.the_user_updates_todo_with_title_and_description(int,java.lang.String,java.lang.String)&amp#27;[0m
  &amp#27;[32mThen &amp#27;[0m&amp#27;[32mthe response status should be &amp#27;[0m&amp#27;[32m&amp#27;[1m404&amp#27;[0m                                                            &amp#27;[90m# stepDefinitions.CommonSteps.the_response_status_should_be(int)&amp#27;[0m
]]></system-out>
  </testcase>
  <testcase name="Marking a todo as done (Normal Flow)" classname="Mark Todo as Done" time="0.039">
    <system-out><![CDATA[
Scenario: Marking a todo as done (Normal Flow) &amp#27;[90m# features/Story4MarkToDoDone.feature:9&amp#27;[0m
  &amp#27;[32mGiven &amp#27;[0m&amp#27;[32mthe server is running&amp#27;[0m                  &amp#27;[90m# stepDefinitions.CommonSteps.the_server_is_running()&amp#27;[0m
  &amp#27;[32mAnd &amp#27;[0m&amp#27;[32mat least one todo exists&amp#27;[0m                 &amp#27;[90m# stepDefinitions.Story1ViewAllToDos.at_least_one_todo_exists()&amp#27;[0m
  &amp#27;[32mWhen &amp#27;[0m&amp#27;[32mthe user marks todo with id &amp#27;[0m&amp#27;[32m&amp#27;[1m1&amp#27;[0m&amp#27;[32m as done&amp#27;[0m   &amp#27;[90m# stepDefinitions.Story4MarkToDoDone.the_user_marks_todo_as_done(int)&amp#27;[0m
  &amp#27;[32mThen &amp#27;[0m&amp#27;[32mthe response status should be &amp#27;[0m&amp#27;[32m&amp#27;[1m200&amp#27;[0m       &amp#27;[90m# stepDefinitions.CommonSteps.the_response_status_should_be(int)&amp#27;[0m
]]></system-out>
  </testcase>
  <testcase name="Marking an already done todo (Alternate Flow)" classname="Mark Todo as Done" time="0.029">
    <system-out><![CDATA[
Scenario: Marking an already done todo (Alternate Flow) &amp#27;[90m# features/Story4MarkToDoDone.feature:13&amp#27;[0m
  &amp#27;[32mGiven &amp#27;[0m&amp#27;[32mthe server is running&amp#27;[0m                           &amp#27;[90m# stepDefinitions.CommonSteps.the_server_is_running()&amp#27;[0m
  &amp#27;[32mAnd &amp#27;[0m&amp#27;[32mat least one todo exists&amp#27;[0m                          &amp#27;[90m# stepDefinitions.Story1ViewAllToDos.at_least_one_todo_exists()&amp#27;[0m
  &amp#27;[32mWhen &amp#27;[0m&amp#27;[32mthe user marks todo with id &amp#27;[0m&amp#27;[32m&amp#27;[1m1&amp#27;[0m&amp#27;[32m as done&amp#27;[0m            &amp#27;[90m# stepDefinitions.Story4MarkToDoDone.the_user_marks_todo_as_done(int)&amp#27;[0m
  &amp#27;[32mThen &amp#27;[0m&amp#27;[32mthe response status should be &amp#27;[0m&amp#27;[32m&amp#27;[1m200&amp#27;[0m                &amp#27;[90m# stepDefinitions.CommonSteps.the_response_status_should_be(int)&amp#27;[0m
]]></system-out>
  </testcase>
  <testcase name="Marking a non-existent todo as done (Error Flow)" classname="Mark Todo as Done" time="0.025">
    <system-out><![CDATA[
Scenario: Marking a non-existent todo as done (Error Flow) &amp#27;[90m# features/Story4MarkToDoDone.feature:17&amp#27;[0m
  &amp#27;[32mGiven &amp#27;[0m&amp#27;[32mthe server is running&amp#27;[0m                              &amp#27;[90m# stepDefinitions.CommonSteps.the_server_is_running()&amp#27;[0m
  &amp#27;[32mAnd &amp#27;[0m&amp#27;[32mat least one todo exists&amp#27;[0m                             &amp#27;[90m# stepDefinitions.Story1ViewAllToDos.at_least_one_todo_exists()&amp#27;[0m
  &amp#27;[32mWhen &amp#27;[0m&amp#27;[32mthe user marks todo with id &amp#27;[0m&amp#27;[32m&amp#27;[1m99&amp#27;[0m&amp#27;[32m as done&amp#27;[0m              &amp#27;[90m# stepDefinitions.Story4MarkToDoDone.the_user_marks_todo_as_done(int)&amp#27;[0m
  &amp#27;[32mThen &amp#27;[0m&amp#27;[32mthe response status should be &amp#27;[0m&amp#27;[32m&amp#27;[1m404&amp#27;[0m                   &amp#27;[90m# stepDefinitions.CommonSteps.the_response_status_should_be(int)&amp#27;[0m
]]></system-out>
  </testcase>
  <testcase name="Deleting an existing todo (Normal Flow)" classname="Delete a Todo" time="0.029">
    <system-out><![CDATA[
Scenario: Deleting an existing todo (Normal Flow) &amp#27;[90m# features/Story5DeleteToDo.feature:9&amp#27;[0m
  &amp#27;[32mGiven &amp#27;[0m&amp#27;[32mthe server is running&amp#27;[0m                     &amp#27;[90m# stepDefinitions.CommonSteps.the_server_is_running()&amp#27;[0m
  &amp#27;[32mAnd &amp#27;[0m&amp#27;[32mat least one todo exists&amp#27;[0m                    &amp#27;[90m# stepDefinitions.Story1ViewAllToDos.at_least_one_todo_exists()&amp#27;[0m
  &amp#27;[32mWhen &amp#27;[0m&amp#27;[32mthe user deletes todo with id &amp#27;[0m&amp#27;[32m&amp#27;[1m1&amp#27;[0m            &amp#27;[90m# stepDefinitions.Story5DeleteToDo.the_user_deletes_todo(int)&amp#27;[0m
  &amp#27;[32mThen &amp#27;[0m&amp#27;[32mthe response status should be &amp#27;[0m&amp#27;[32m&amp#27;[1m200&amp#27;[0m          &amp#27;[90m# stepDefinitions.CommonSteps.the_response_status_should_be(int)&amp#27;[0m
]]></system-out>
  </testcase>
  <testcase name="Deleting the same todo twice (Alternate Flow)" classname="Delete a Todo" time="0.03">
    <system-out><![CDATA[
Scenario: Deleting the same todo twice (Alternate Flow) &amp#27;[90m# features/Story5DeleteToDo.feature:13&amp#27;[0m
  &amp#27;[32mGiven &amp#27;[0m&amp#27;[32mthe server is running&amp#27;[0m                           &amp#27;[90m# stepDefinitions.CommonSteps.the_server_is_running()&amp#27;[0m
  &amp#27;[32mAnd &amp#27;[0m&amp#27;[32mat least one todo exists&amp#27;[0m                          &amp#27;[90m# stepDefinitions.Story1ViewAllToDos.at_least_one_todo_exists()&amp#27;[0m
  &amp#27;[32mWhen &amp#27;[0m&amp#27;[32mthe user deletes todo with id &amp#27;[0m&amp#27;[32m&amp#27;[1m2&amp#27;[0m                  &amp#27;[90m# stepDefinitions.Story5DeleteToDo.the_user_deletes_todo(int)&amp#27;[0m
  &amp#27;[32mAnd &amp#27;[0m&amp#27;[32mthe user deletes todo with id &amp#27;[0m&amp#27;[32m&amp#27;[1m2&amp#27;[0m                   &amp#27;[90m# stepDefinitions.Story5DeleteToDo.the_user_deletes_todo(int)&amp#27;[0m
  &amp#27;[32mThen &amp#27;[0m&amp#27;[32mthe response status should be &amp#27;[0m&amp#27;[32m&amp#27;[1m404&amp#27;[0m                &amp#27;[90m# stepDefinitions.CommonSteps.the_response_status_should_be(int)&amp#27;[0m
]]></system-out>
  </testcase>
  <testcase name="Deleting a non-existent todo (Error Flow)" classname="Delete a Todo" time="0.027">
    <system-out><![CDATA[
Scenario: Deleting a non-existent todo (Error Flow) &amp#27;[90m# features/Story5DeleteToDo.feature:18&amp#27;[0m
  &amp#27;[32mGiven &amp#27;[0m&amp#27;[32mthe server is running&amp#27;[0m                       &amp#27;[90m# stepDefinitions.CommonSteps.the_server_is_running()&amp#27;[0m
  &amp#27;[32mAnd &amp#27;[0m&amp#27;[32mat least one todo exists&amp#27;[0m                      &amp#27;[90m# stepDefinitions.Story1ViewAllToDos.at_least_one_todo_exists()&amp#27;[0m
  &amp#27;[32mWhen &amp#27;[0m&amp#27;[32mthe user deletes todo with id &amp#27;[0m&amp#27;[32m&amp#27;[1m500&amp#27;[0m            &amp#27;[90m# stepDefinitions.Story5DeleteToDo.the_user_deletes_todo(int)&amp#27;[0m
  &amp#27;[32mThen &amp#27;[0m&amp#27;[32mthe response status should be &amp#27;[0m&amp#27;[32m&amp#27;[1m404&amp#27;[0m            &amp#27;[90m# stepDefinitions.CommonSteps.the_response_status_should_be(int)&amp#27;[0m
]]></system-out>
  </testcase>
</testsuite>